<?xml version="1.0" encoding="UTF-8"?>
<coverage generated="1777316540611" clover="3.2.0">
  <project timestamp="1777316540611" name="All files">
    <metrics statements="680" coveredstatements="567" conditionals="360" coveredconditionals="251" methods="98" coveredmethods="81" elements="1138" coveredelements="899" complexity="0" loc="680" ncloc="680" packages="7" files="25" classes="25"/>
    <package name="main">
      <metrics statements="0" coveredstatements="0" conditionals="0" coveredconditionals="0" methods="0" coveredmethods="0"/>
      <file name="index.js" path="/home/ms/work/hawk/rjson-parser/src/js/main/index.js">
        <metrics statements="0" coveredstatements="0" conditionals="0" coveredconditionals="0" methods="0" coveredmethods="0"/>
      </file>
    </package>
    <package name="main.commands">
      <metrics statements="77" coveredstatements="68" conditionals="26" coveredconditionals="16" methods="10" coveredmethods="10"/>
      <file name="RichJson_clone.js" path="/home/ms/work/hawk/rjson-parser/src/js/main/commands/RichJson_clone.js">
        <metrics statements="8" coveredstatements="5" conditionals="4" coveredconditionals="1" methods="1" coveredmethods="1"/>
        <line num="10" count="3" type="cond" truecount="1" falsecount="1"/>
        <line num="11" count="0" type="cond" truecount="0" falsecount="2"/>
        <line num="12" count="0" type="stmt"/>
        <line num="14" count="0" type="stmt"/>
        <line num="16" count="3" type="stmt"/>
        <line num="17" count="3" type="stmt"/>
        <line num="18" count="3" type="stmt"/>
        <line num="19" count="3" type="stmt"/>
      </file>
      <file name="RichJson_copy.js" path="/home/ms/work/hawk/rjson-parser/src/js/main/commands/RichJson_copy.js">
        <metrics statements="1" coveredstatements="1" conditionals="0" coveredconditionals="0" methods="1" coveredmethods="1"/>
        <line num="9" count="2" type="stmt"/>
      </file>
      <file name="RichJson_env.js" path="/home/ms/work/hawk/rjson-parser/src/js/main/commands/RichJson_env.js">
        <metrics statements="16" coveredstatements="11" conditionals="8" coveredconditionals="4" methods="1" coveredmethods="1"/>
        <line num="12" count="1" type="cond" truecount="1" falsecount="1"/>
        <line num="13" count="0" type="stmt"/>
        <line num="14" count="0" type="stmt"/>
        <line num="17" count="1" type="stmt"/>
        <line num="18" count="1" type="stmt"/>
        <line num="20" count="1" type="cond" truecount="1" falsecount="1"/>
        <line num="21" count="1" type="stmt"/>
        <line num="22" count="1" type="cond" truecount="1" falsecount="1"/>
        <line num="23" count="1" type="stmt"/>
        <line num="24" count="1" type="stmt"/>
        <line num="25" count="1" type="stmt"/>
        <line num="26" count="1" type="cond" truecount="1" falsecount="1"/>
        <line num="27" count="0" type="stmt"/>
        <line num="28" count="0" type="stmt"/>
        <line num="30" count="1" type="stmt"/>
        <line num="32" count="0" type="stmt"/>
      </file>
      <file name="RichJson_file.js" path="/home/ms/work/hawk/rjson-parser/src/js/main/commands/RichJson_file.js">
        <metrics statements="1" coveredstatements="1" conditionals="0" coveredconditionals="0" methods="1" coveredmethods="1"/>
        <line num="9" count="1" type="stmt"/>
      </file>
      <file name="RichJson_folder.js" path="/home/ms/work/hawk/rjson-parser/src/js/main/commands/RichJson_folder.js">
        <metrics statements="1" coveredstatements="1" conditionals="0" coveredconditionals="0" methods="1" coveredmethods="1"/>
        <line num="8" count="2" type="stmt"/>
      </file>
      <file name="RichJson_invoke.js" path="/home/ms/work/hawk/rjson-parser/src/js/main/commands/RichJson_invoke.js">
        <metrics statements="1" coveredstatements="1" conditionals="0" coveredconditionals="0" methods="1" coveredmethods="1"/>
        <line num="6" count="1" type="stmt"/>
      </file>
      <file name="RichJson_merge.js" path="/home/ms/work/hawk/rjson-parser/src/js/main/commands/RichJson_merge.js">
        <metrics statements="21" coveredstatements="21" conditionals="2" coveredconditionals="2" methods="1" coveredmethods="1"/>
        <line num="10" count="4" type="stmt"/>
        <line num="11" count="4" type="stmt"/>
        <line num="12" count="4" type="stmt"/>
        <line num="13" count="4" type="stmt"/>
        <line num="14" count="4" type="stmt"/>
        <line num="15" count="4" type="stmt"/>
        <line num="17" count="4" type="cond" truecount="2" falsecount="0"/>
        <line num="18" count="2" type="stmt"/>
        <line num="19" count="2" type="stmt"/>
        <line num="20" count="2" type="stmt"/>
        <line num="21" count="2" type="stmt"/>
        <line num="22" count="2" type="stmt"/>
        <line num="23" count="2" type="stmt"/>
        <line num="26" count="2" type="stmt"/>
        <line num="27" count="2" type="stmt"/>
        <line num="28" count="2" type="stmt"/>
        <line num="29" count="4" type="stmt"/>
        <line num="30" count="4" type="stmt"/>
        <line num="31" count="4" type="stmt"/>
        <line num="32" count="4" type="stmt"/>
        <line num="36" count="4" type="stmt"/>
      </file>
      <file name="RichJson_merge_folder.js" path="/home/ms/work/hawk/rjson-parser/src/js/main/commands/RichJson_merge_folder.js">
        <metrics statements="7" coveredstatements="7" conditionals="2" coveredconditionals="1" methods="1" coveredmethods="1"/>
        <line num="9" count="1" type="stmt"/>
        <line num="10" count="1" type="stmt"/>
        <line num="11" count="1" type="stmt"/>
        <line num="13" count="1" type="cond" truecount="1" falsecount="1"/>
        <line num="14" count="1" type="stmt"/>
        <line num="15" count="2" type="stmt"/>
        <line num="19" count="1" type="stmt"/>
      </file>
      <file name="RichJson_ref.js" path="/home/ms/work/hawk/rjson-parser/src/js/main/commands/RichJson_ref.js">
        <metrics statements="20" coveredstatements="19" conditionals="10" coveredconditionals="8" methods="1" coveredmethods="1"/>
        <line num="9" count="47" type="cond" truecount="2" falsecount="0"/>
        <line num="10" count="1" type="stmt"/>
        <line num="12" count="46" type="stmt"/>
        <line num="13" count="46" type="stmt"/>
        <line num="14" count="46" type="stmt"/>
        <line num="15" count="46" type="stmt"/>
        <line num="17" count="46" type="stmt"/>
        <line num="18" count="67" type="stmt"/>
        <line num="19" count="67" type="stmt"/>
        <line num="20" count="67" type="cond" truecount="1" falsecount="1"/>
        <line num="21" count="67" type="cond" truecount="1" falsecount="1"/>
        <line num="22" count="67" type="stmt"/>
        <line num="24" count="0" type="stmt"/>
        <line num="27" count="67" type="cond" truecount="4" falsecount="0"/>
        <line num="31" count="67" type="stmt"/>
        <line num="32" count="67" type="stmt"/>
        <line num="33" count="67" type="stmt"/>
        <line num="35" count="46" type="stmt"/>
        <line num="36" count="46" type="stmt"/>
        <line num="37" count="46" type="stmt"/>
      </file>
      <file name="RichJson_this.js" path="/home/ms/work/hawk/rjson-parser/src/js/main/commands/RichJson_this.js">
        <metrics statements="1" coveredstatements="1" conditionals="0" coveredconditionals="0" methods="1" coveredmethods="1"/>
        <line num="8" count="1" type="stmt"/>
      </file>
    </package>
    <package name="main.core">
      <metrics statements="327" coveredstatements="291" conditionals="144" coveredconditionals="115" methods="33" coveredmethods="29"/>
      <file name="RichJson.js" path="/home/ms/work/hawk/rjson-parser/src/js/main/core/RichJson.js">
        <metrics statements="301" coveredstatements="273" conditionals="134" coveredconditionals="113" methods="27" coveredmethods="25"/>
        <line num="16" count="1" type="stmt"/>
        <line num="17" count="1" type="stmt"/>
        <line num="18" count="1" type="stmt"/>
        <line num="19" count="1" type="stmt"/>
        <line num="20" count="1" type="stmt"/>
        <line num="21" count="1" type="stmt"/>
        <line num="22" count="1" type="stmt"/>
        <line num="23" count="1" type="stmt"/>
        <line num="24" count="1" type="stmt"/>
        <line num="26" count="1" type="stmt"/>
        <line num="27" count="1" type="stmt"/>
        <line num="28" count="1" type="stmt"/>
        <line num="29" count="1" type="stmt"/>
        <line num="31" count="1" type="stmt"/>
        <line num="32" count="1" type="stmt"/>
        <line num="33" count="1" type="stmt"/>
        <line num="34" count="1" type="stmt"/>
        <line num="36" count="102" type="cond" truecount="2" falsecount="0"/>
        <line num="37" count="102" type="stmt"/>
        <line num="38" count="2" type="stmt"/>
        <line num="39" count="102" type="stmt"/>
        <line num="41" count="1" type="stmt"/>
        <line num="42" count="1" type="stmt"/>
        <line num="43" count="1" type="stmt"/>
        <line num="45" count="104" type="stmt"/>
        <line num="46" count="101" type="stmt"/>
        <line num="47" count="7" type="stmt"/>
        <line num="48" count="7" type="stmt"/>
        <line num="51" count="22" type="stmt"/>
        <line num="52" count="22" type="stmt"/>
        <line num="53" count="22" type="stmt"/>
        <line num="54" count="22" type="stmt"/>
        <line num="55" count="22" type="stmt"/>
        <line num="56" count="22" type="stmt"/>
        <line num="57" count="22" type="stmt"/>
        <line num="61" count="1" type="stmt"/>
        <line num="62" count="22" type="stmt"/>
        <line num="63" count="22" type="stmt"/>
        <line num="64" count="22" type="stmt"/>
        <line num="65" count="22" type="stmt"/>
        <line num="66" count="22" type="stmt"/>
        <line num="69" count="22" type="cond" truecount="1" falsecount="1"/>
        <line num="70" count="0" type="stmt"/>
        <line num="72" count="22" type="stmt"/>
        <line num="73" count="22" type="stmt"/>
        <line num="77" count="80" type="cond" truecount="2" falsecount="0"/>
        <line num="78" count="20" type="stmt"/>
        <line num="79" count="20" type="stmt"/>
        <line num="80" count="20" type="stmt"/>
        <line num="81" count="20" type="stmt"/>
        <line num="82" count="20" type="stmt"/>
        <line num="83" count="20" type="stmt"/>
        <line num="84" count="20" type="stmt"/>
        <line num="85" count="20" type="stmt"/>
        <line num="86" count="20" type="stmt"/>
        <line num="87" count="20" type="stmt"/>
        <line num="88" count="20" type="cond" truecount="1" falsecount="1"/>
        <line num="89" count="19" type="stmt"/>
        <line num="91" count="0" type="stmt"/>
        <line num="93" count="19" type="stmt"/>
        <line num="94" count="19" type="stmt"/>
        <line num="96" count="60" type="stmt"/>
        <line num="97" count="60" type="stmt"/>
        <line num="98" count="60" type="stmt"/>
        <line num="100" count="60" type="stmt"/>
        <line num="101" count="60" type="stmt"/>
        <line num="102" count="60" type="stmt"/>
        <line num="108" count="60" type="cond" truecount="2" falsecount="0"/>
        <line num="109" count="52" type="stmt"/>
        <line num="110" count="52" type="stmt"/>
        <line num="111" count="52" type="stmt"/>
        <line num="112" count="52" type="stmt"/>
        <line num="114" count="8" type="stmt"/>
        <line num="115" count="8" type="stmt"/>
        <line num="116" count="8" type="stmt"/>
        <line num="119" count="60" type="stmt"/>
        <line num="120" count="109" type="stmt"/>
        <line num="121" count="109" type="stmt"/>
        <line num="122" count="109" type="cond" truecount="4" falsecount="0"/>
        <line num="126" count="109" type="cond" truecount="2" falsecount="0"/>
        <line num="127" count="109" type="stmt"/>
        <line num="128" count="109" type="stmt"/>
        <line num="131" count="59" type="stmt"/>
        <line num="132" count="59" type="stmt"/>
        <line num="133" count="59" type="stmt"/>
        <line num="134" count="59" type="stmt"/>
        <line num="138" count="52" type="stmt"/>
        <line num="148" count="52" type="stmt"/>
        <line num="149" count="102" type="stmt"/>
        <line num="150" count="102" type="stmt"/>
        <line num="151" count="102" type="stmt"/>
        <line num="152" count="102" type="stmt"/>
        <line num="153" count="102" type="cond" truecount="5" falsecount="0"/>
        <line num="154" count="9" type="stmt"/>
        <line num="155" count="9" type="stmt"/>
        <line num="157" count="9" type="cond" truecount="2" falsecount="0"/>
        <line num="158" count="2" type="stmt"/>
        <line num="159" count="2" type="stmt"/>
        <line num="160" count="2" type="stmt"/>
        <line num="161" count="2" type="stmt"/>
        <line num="164" count="9" type="cond" truecount="2" falsecount="0"/>
        <line num="165" count="6" type="stmt"/>
        <line num="166" count="6" type="stmt"/>
        <line num="167" count="6" type="stmt"/>
        <line num="169" count="9" type="cond" truecount="2" falsecount="0"/>
        <line num="170" count="2" type="cond" truecount="2" falsecount="0"/>
        <line num="171" count="1" type="stmt"/>
        <line num="172" count="1" type="stmt"/>
        <line num="173" count="1" type="stmt"/>
        <line num="175" count="1" type="stmt"/>
        <line num="176" count="1" type="stmt"/>
        <line num="177" count="1" type="stmt"/>
        <line num="178" count="1" type="stmt"/>
        <line num="179" count="1" type="stmt"/>
        <line num="180" count="1" type="stmt"/>
        <line num="183" count="9" type="cond" truecount="2" falsecount="0"/>
        <line num="184" count="6" type="stmt"/>
        <line num="186" count="9" type="stmt"/>
        <line num="187" count="9" type="cond" truecount="1" falsecount="1"/>
        <line num="188" count="0" type="stmt"/>
        <line num="195" count="197" type="stmt"/>
        <line num="196" count="197" type="cond" truecount="2" falsecount="0"/>
        <line num="197" count="63" type="stmt"/>
        <line num="198" count="63" type="stmt"/>
        <line num="199" count="63" type="stmt"/>
        <line num="201" count="134" type="stmt"/>
        <line num="202" count="134" type="stmt"/>
        <line num="205" count="134" type="cond" truecount="2" falsecount="0"/>
        <line num="206" count="13" type="stmt"/>
        <line num="207" count="13" type="stmt"/>
        <line num="210" count="121" type="cond" truecount="2" falsecount="0"/>
        <line num="211" count="61" type="cond" truecount="4" falsecount="0"/>
        <line num="212" count="7" type="stmt"/>
        <line num="213" count="7" type="cond" truecount="1" falsecount="1"/>
        <line num="214" count="0" type="stmt"/>
        <line num="215" count="0" type="stmt"/>
        <line num="217" count="7" type="stmt"/>
        <line num="220" count="61" type="stmt"/>
        <line num="221" count="61" type="stmt"/>
        <line num="222" count="61" type="stmt"/>
        <line num="225" count="60" type="stmt"/>
        <line num="226" count="60" type="stmt"/>
        <line num="227" count="60" type="cond" truecount="2" falsecount="0"/>
        <line num="228" count="52" type="stmt"/>
        <line num="229" count="52" type="stmt"/>
        <line num="230" count="52" type="stmt"/>
        <line num="231" count="52" type="stmt"/>
        <line num="232" count="52" type="stmt"/>
        <line num="233" count="0" type="stmt"/>
        <line num="235" count="52" type="stmt"/>
        <line num="238" count="60" type="stmt"/>
        <line num="240" count="60" type="cond" truecount="2" falsecount="0"/>
        <line num="241" count="51" type="stmt"/>
        <line num="242" count="51" type="stmt"/>
        <line num="243" count="0" type="stmt"/>
        <line num="245" count="51" type="stmt"/>
        <line num="247" count="59" type="stmt"/>
        <line num="248" count="59" type="stmt"/>
        <line num="253" count="136" type="cond" truecount="3" falsecount="0"/>
        <line num="257" count="7" type="stmt"/>
        <line num="258" count="7" type="stmt"/>
        <line num="259" count="7" type="stmt"/>
        <line num="260" count="7" type="stmt"/>
        <line num="264" count="7" type="stmt"/>
        <line num="265" count="266" type="stmt"/>
        <line num="266" count="266" type="cond" truecount="2" falsecount="0"/>
        <line num="267" count="15" type="stmt"/>
        <line num="268" count="15" type="cond" truecount="5" falsecount="0"/>
        <line num="270" count="6" type="stmt"/>
        <line num="271" count="6" type="stmt"/>
        <line num="273" count="9" type="stmt"/>
        <line num="275" count="251" type="cond" truecount="2" falsecount="0"/>
        <line num="276" count="9" type="stmt"/>
        <line num="277" count="9" type="stmt"/>
        <line num="278" count="9" type="stmt"/>
        <line num="279" count="9" type="cond" truecount="3" falsecount="1"/>
        <line num="280" count="0" type="stmt"/>
        <line num="282" count="9" type="stmt"/>
        <line num="284" count="9" type="stmt"/>
        <line num="285" count="9" type="cond" truecount="1" falsecount="1"/>
        <line num="286" count="0" type="stmt"/>
        <line num="288" count="9" type="cond" truecount="1" falsecount="1"/>
        <line num="292" count="9" type="cond" truecount="2" falsecount="0"/>
        <line num="293" count="7" type="stmt"/>
        <line num="295" count="2" type="stmt"/>
        <line num="297" count="242" type="cond" truecount="2" falsecount="0"/>
        <line num="298" count="148" type="cond" truecount="2" falsecount="0"/>
        <line num="299" count="7" type="stmt"/>
        <line num="301" count="148" type="stmt"/>
        <line num="303" count="94" type="stmt"/>
        <line num="307" count="7" type="stmt"/>
        <line num="308" count="7" type="cond" truecount="2" falsecount="0"/>
        <line num="312" count="52" type="stmt"/>
        <line num="314" count="52" type="cond" truecount="2" falsecount="0"/>
        <line num="315" count="2" type="stmt"/>
        <line num="316" count="2" type="stmt"/>
        <line num="317" count="0" type="stmt"/>
        <line num="318" count="0" type="cond" truecount="0" falsecount="4"/>
        <line num="319" count="0" type="stmt"/>
        <line num="324" count="52" type="stmt"/>
        <line num="328" count="70" type="cond" truecount="2" falsecount="0"/>
        <line num="329" count="39" type="stmt"/>
        <line num="330" count="39" type="stmt"/>
        <line num="331" count="39" type="stmt"/>
        <line num="332" count="39" type="stmt"/>
        <line num="333" count="39" type="stmt"/>
        <line num="334" count="39" type="stmt"/>
        <line num="335" count="39" type="cond" truecount="2" falsecount="2"/>
        <line num="336" count="0" type="stmt"/>
        <line num="338" count="38" type="stmt"/>
        <line num="341" count="69" type="stmt"/>
        <line num="345" count="47" type="stmt"/>
        <line num="346" count="47" type="stmt"/>
        <line num="347" count="47" type="stmt"/>
        <line num="348" count="47" type="stmt"/>
        <line num="349" count="47" type="stmt"/>
        <line num="350" count="47" type="stmt"/>
        <line num="353" count="47" type="cond" truecount="2" falsecount="0"/>
        <line num="354" count="1" type="stmt"/>
        <line num="355" count="1" type="stmt"/>
        <line num="358" count="47" type="stmt"/>
        <line num="359" count="47" type="stmt"/>
        <line num="360" count="49" type="stmt"/>
        <line num="361" count="49" type="cond" truecount="1" falsecount="1"/>
        <line num="362" count="48" type="cond" truecount="4" falsecount="0"/>
        <line num="363" count="1" type="stmt"/>
        <line num="364" count="1" type="stmt"/>
        <line num="365" count="1" type="stmt"/>
        <line num="366" count="1" type="stmt"/>
        <line num="368" count="47" type="stmt"/>
        <line num="371" count="0" type="stmt"/>
        <line num="372" count="0" type="stmt"/>
        <line num="376" count="46" type="cond" truecount="2" falsecount="0"/>
        <line num="377" count="45" type="stmt"/>
        <line num="378" count="45" type="stmt"/>
        <line num="381" count="1" type="stmt"/>
        <line num="382" count="1" type="stmt"/>
        <line num="383" count="1" type="stmt"/>
        <line num="384" count="1" type="cond" truecount="1" falsecount="1"/>
        <line num="385" count="1" type="stmt"/>
        <line num="387" count="1" type="stmt"/>
        <line num="388" count="1" type="stmt"/>
        <line num="389" count="1" type="stmt"/>
        <line num="390" count="1" type="stmt"/>
        <line num="391" count="1" type="cond" truecount="1" falsecount="1"/>
        <line num="392" count="0" type="stmt"/>
        <line num="395" count="1" type="stmt"/>
        <line num="397" count="1" type="stmt"/>
        <line num="398" count="1" type="stmt"/>
        <line num="400" count="1" type="stmt"/>
        <line num="401" count="1" type="stmt"/>
        <line num="402" count="1" type="stmt"/>
        <line num="407" count="51" type="cond" truecount="2" falsecount="0"/>
        <line num="408" count="1" type="stmt"/>
        <line num="410" count="50" type="stmt"/>
        <line num="414" count="52" type="cond" truecount="2" falsecount="0"/>
        <line num="415" count="2" type="stmt"/>
        <line num="416" count="2" type="cond" truecount="3" falsecount="1"/>
        <line num="417" count="2" type="stmt"/>
        <line num="418" count="2" type="stmt"/>
        <line num="419" count="2" type="stmt"/>
        <line num="420" count="2" type="stmt"/>
        <line num="426" count="52" type="cond" truecount="4" falsecount="0"/>
        <line num="427" count="1" type="stmt"/>
        <line num="428" count="1" type="stmt"/>
        <line num="429" count="1" type="stmt"/>
        <line num="430" count="1" type="stmt"/>
        <line num="431" count="1" type="stmt"/>
        <line num="432" count="1" type="stmt"/>
        <line num="437" count="52" type="cond" truecount="2" falsecount="0"/>
        <line num="438" count="46" type="stmt"/>
        <line num="441" count="6" type="stmt"/>
        <line num="442" count="6" type="stmt"/>
        <line num="444" count="6" type="stmt"/>
        <line num="445" count="7" type="stmt"/>
        <line num="446" count="7" type="cond" truecount="1" falsecount="1"/>
        <line num="447" count="0" type="stmt"/>
        <line num="448" count="0" type="stmt"/>
        <line num="449" count="0" type="stmt"/>
        <line num="451" count="7" type="stmt"/>
        <line num="453" count="7" type="stmt"/>
        <line num="458" count="89" type="cond" truecount="4" falsecount="0"/>
        <line num="459" count="3" type="stmt"/>
        <line num="464" count="3" type="stmt"/>
        <line num="468" count="51" type="cond" truecount="2" falsecount="0"/>
        <line num="469" count="2" type="stmt"/>
        <line num="471" count="2" type="stmt"/>
        <line num="472" count="0" type="stmt"/>
        <line num="473" count="0" type="cond" truecount="0" falsecount="2"/>
        <line num="474" count="0" type="stmt"/>
        <line num="475" count="0" type="stmt"/>
        <line num="476" count="0" type="stmt"/>
        <line num="477" count="0" type="stmt"/>
        <line num="480" count="2" type="cond" truecount="3" falsecount="1"/>
        <line num="481" count="2" type="stmt"/>
        <line num="484" count="51" type="stmt"/>
        <line num="488" count="2" type="stmt"/>
        <line num="489" count="2" type="stmt"/>
        <line num="491" count="0" type="stmt"/>
        <line num="492" count="0" type="stmt"/>
        <line num="493" count="0" type="stmt"/>
      </file>
      <file name="RichJsonCache.js" path="/home/ms/work/hawk/rjson-parser/src/js/main/core/RichJsonCache.js">
        <metrics statements="8" coveredstatements="8" conditionals="2" coveredconditionals="2" methods="1" coveredmethods="1"/>
        <line num="2" count="68" type="stmt"/>
        <line num="3" count="68" type="stmt"/>
        <line num="5" count="68" type="stmt"/>
        <line num="6" count="68" type="stmt"/>
        <line num="14" count="240" type="cond" truecount="2" falsecount="0"/>
        <line num="15" count="137" type="stmt"/>
        <line num="16" count="137" type="stmt"/>
        <line num="18" count="103" type="stmt"/>
      </file>
      <file name="RichJsonCommandHolder.js" path="/home/ms/work/hawk/rjson-parser/src/js/main/core/RichJsonCommandHolder.js">
        <metrics statements="17" coveredstatements="9" conditionals="8" coveredconditionals="0" methods="4" coveredmethods="2"/>
        <line num="15" count="0" type="stmt"/>
        <line num="17" count="1" type="stmt"/>
        <line num="31" count="1" type="stmt"/>
        <line num="32" count="1" type="stmt"/>
        <line num="33" count="1" type="stmt"/>
        <line num="36" count="1" type="stmt"/>
        <line num="37" count="1" type="stmt"/>
        <line num="41" count="1" type="stmt"/>
        <line num="42" count="1" type="stmt"/>
        <line num="52" count="0" type="cond" truecount="0" falsecount="2"/>
        <line num="53" count="0" type="stmt"/>
        <line num="56" count="0" type="cond" truecount="0" falsecount="2"/>
        <line num="57" count="0" type="stmt"/>
        <line num="59" count="0" type="stmt"/>
        <line num="62" count="0" type="cond" truecount="0" falsecount="2"/>
        <line num="63" count="0" type="cond" truecount="0" falsecount="2"/>
        <line num="68" count="1" type="stmt"/>
      </file>
      <file name="RichJson_parse.js" path="/home/ms/work/hawk/rjson-parser/src/js/main/core/RichJson_parse.js">
        <metrics statements="1" coveredstatements="1" conditionals="0" coveredconditionals="0" methods="1" coveredmethods="1"/>
        <line num="10" count="20" type="stmt"/>
      </file>
    </package>
    <package name="main.helper">
      <metrics statements="194" coveredstatements="155" conditionals="148" coveredconditionals="103" methods="34" coveredmethods="28"/>
      <file name="RichJsonFileHelper.js" path="/home/ms/work/hawk/rjson-parser/src/js/main/helper/RichJsonFileHelper.js">
        <metrics statements="27" coveredstatements="21" conditionals="22" coveredconditionals="13" methods="7" coveredmethods="3"/>
        <line num="8" count="1" type="stmt"/>
        <line num="17" count="2" type="stmt"/>
        <line num="18" count="2" type="stmt"/>
        <line num="20" count="2" type="cond" truecount="1" falsecount="1"/>
        <line num="21" count="0" type="stmt"/>
        <line num="24" count="2" type="stmt"/>
        <line num="25" count="4" type="cond" truecount="1" falsecount="1"/>
        <line num="26" count="4" type="stmt"/>
        <line num="27" count="4" type="stmt"/>
        <line num="28" count="0" type="cond" truecount="0" falsecount="2"/>
        <line num="29" count="0" type="stmt"/>
        <line num="33" count="2" type="cond" truecount="1" falsecount="1"/>
        <line num="34" count="0" type="stmt"/>
        <line num="37" count="2" type="stmt"/>
        <line num="47" count="5" type="cond" truecount="4" falsecount="0"/>
        <line num="48" count="3" type="stmt"/>
        <line num="51" count="2" type="cond" truecount="1" falsecount="1"/>
        <line num="52" count="2" type="stmt"/>
        <line num="55" count="2" type="cond" truecount="1" falsecount="1"/>
        <line num="56" count="0" type="stmt"/>
        <line num="59" count="2" type="stmt"/>
        <line num="60" count="2" type="stmt"/>
        <line num="62" count="2" type="cond" truecount="1" falsecount="1"/>
        <line num="63" count="0" type="stmt"/>
        <line num="66" count="2" type="cond" truecount="1" falsecount="1"/>
        <line num="67" count="2" type="stmt"/>
        <line num="70" count="2" type="stmt"/>
      </file>
      <file name="RichJsonHelper.js" path="/home/ms/work/hawk/rjson-parser/src/js/main/helper/RichJsonHelper.js">
        <metrics statements="109" coveredstatements="98" conditionals="79" coveredconditionals="67" methods="12" coveredmethods="12"/>
        <line num="10" count="3" type="stmt"/>
        <line num="20" count="18" type="stmt"/>
        <line num="21" count="18" type="stmt"/>
        <line num="23" count="18" type="stmt"/>
        <line num="24" count="23" type="stmt"/>
        <line num="25" count="23" type="cond" truecount="1" falsecount="1"/>
        <line num="26" count="0" type="stmt"/>
        <line num="28" count="23" type="stmt"/>
        <line num="29" count="23" type="stmt"/>
        <line num="30" count="23" type="cond" truecount="1" falsecount="1"/>
        <line num="31" count="0" type="stmt"/>
        <line num="35" count="18" type="stmt"/>
        <line num="39" count="35" type="stmt"/>
        <line num="40" count="35" type="stmt"/>
        <line num="42" count="35" type="stmt"/>
        <line num="43" count="35" type="stmt"/>
        <line num="44" count="35" type="stmt"/>
        <line num="46" count="35" type="stmt"/>
        <line num="47" count="93" type="stmt"/>
        <line num="48" count="93" type="stmt"/>
        <line num="50" count="93" type="cond" truecount="2" falsecount="0"/>
        <line num="51" count="8" type="cond" truecount="4" falsecount="0"/>
        <line num="52" count="3" type="stmt"/>
        <line num="55" count="85" type="cond" truecount="5" falsecount="0"/>
        <line num="56" count="10" type="cond" truecount="1" falsecount="1"/>
        <line num="57" count="10" type="stmt"/>
        <line num="59" count="75" type="cond" truecount="4" falsecount="0"/>
        <line num="60" count="35" type="stmt"/>
        <line num="65" count="35" type="stmt"/>
        <line num="66" count="35" type="stmt"/>
        <line num="75" count="2" type="stmt"/>
        <line num="85" count="4" type="stmt"/>
        <line num="86" count="4" type="stmt"/>
        <line num="88" count="4" type="stmt"/>
        <line num="89" count="8" type="stmt"/>
        <line num="90" count="8" type="cond" truecount="1" falsecount="1"/>
        <line num="91" count="0" type="stmt"/>
        <line num="93" count="8" type="stmt"/>
        <line num="94" count="8" type="stmt"/>
        <line num="95" count="8" type="cond" truecount="1" falsecount="1"/>
        <line num="96" count="0" type="stmt"/>
        <line num="100" count="4" type="stmt"/>
        <line num="104" count="16" type="stmt"/>
        <line num="105" count="16" type="stmt"/>
        <line num="107" count="16" type="stmt"/>
        <line num="108" count="16" type="stmt"/>
        <line num="109" count="16" type="stmt"/>
        <line num="111" count="16" type="stmt"/>
        <line num="112" count="68" type="stmt"/>
        <line num="113" count="68" type="stmt"/>
        <line num="114" count="68" type="cond" truecount="2" falsecount="0"/>
        <line num="115" count="27" type="cond" truecount="4" falsecount="0"/>
        <line num="117" count="41" type="cond" truecount="5" falsecount="0"/>
        <line num="118" count="8" type="cond" truecount="1" falsecount="1"/>
        <line num="119" count="8" type="stmt"/>
        <line num="122" count="33" type="cond" truecount="4" falsecount="0"/>
        <line num="127" count="16" type="stmt"/>
        <line num="128" count="16" type="stmt"/>
        <line num="137" count="13" type="stmt"/>
        <line num="138" count="13" type="stmt"/>
        <line num="139" count="13" type="cond" truecount="1" falsecount="1"/>
        <line num="140" count="13" type="stmt"/>
        <line num="141" count="13" type="stmt"/>
        <line num="142" count="13" type="stmt"/>
        <line num="143" count="13" type="stmt"/>
        <line num="144" count="13" type="cond" truecount="1" falsecount="1"/>
        <line num="145" count="0" type="stmt"/>
        <line num="147" count="13" type="stmt"/>
        <line num="151" count="23" type="cond" truecount="4" falsecount="1"/>
        <line num="152" count="0" type="stmt"/>
        <line num="155" count="23" type="stmt"/>
        <line num="156" count="23" type="stmt"/>
        <line num="157" count="23" type="stmt"/>
        <line num="158" count="23" type="stmt"/>
        <line num="160" count="23" type="stmt"/>
        <line num="161" count="23" type="cond" truecount="2" falsecount="0"/>
        <line num="162" count="18" type="stmt"/>
        <line num="163" count="18" type="stmt"/>
        <line num="164" count="45" type="stmt"/>
        <line num="165" count="45" type="stmt"/>
        <line num="166" count="45" type="cond" truecount="2" falsecount="0"/>
        <line num="167" count="1" type="stmt"/>
        <line num="168" count="44" type="cond" truecount="4" falsecount="0"/>
        <line num="169" count="12" type="cond" truecount="2" falsecount="0"/>
        <line num="170" count="10" type="cond" truecount="2" falsecount="0"/>
        <line num="171" count="10" type="stmt"/>
        <line num="172" count="10" type="stmt"/>
        <line num="173" count="10" type="stmt"/>
        <line num="174" count="10" type="stmt"/>
        <line num="176" count="2" type="stmt"/>
        <line num="179" count="32" type="stmt"/>
        <line num="183" count="5" type="stmt"/>
        <line num="184" count="5" type="stmt"/>
        <line num="185" count="5" type="cond" truecount="4" falsecount="0"/>
        <line num="186" count="1" type="cond" truecount="1" falsecount="1"/>
        <line num="187" count="0" type="cond" truecount="0" falsecount="2"/>
        <line num="188" count="0" type="stmt"/>
        <line num="189" count="0" type="stmt"/>
        <line num="190" count="0" type="stmt"/>
        <line num="191" count="0" type="stmt"/>
        <line num="193" count="1" type="stmt"/>
        <line num="196" count="4" type="stmt"/>
        <line num="200" count="23" type="stmt"/>
        <line num="202" count="23" type="stmt"/>
        <line num="213" count="71" type="cond" truecount="2" falsecount="0"/>
        <line num="222" count="53" type="stmt"/>
        <line num="223" count="69" type="stmt"/>
        <line num="224" count="53" type="stmt"/>
        <line num="233" count="754" type="cond" truecount="4" falsecount="0"/>
      </file>
      <file name="RichJsonLogger.js" path="/home/ms/work/hawk/rjson-parser/src/js/main/helper/RichJsonLogger.js">
        <metrics statements="32" coveredstatements="20" conditionals="22" coveredconditionals="10" methods="12" coveredmethods="11"/>
        <line num="4" count="22" type="stmt"/>
        <line num="7" count="22" type="stmt"/>
        <line num="8" count="22" type="stmt"/>
        <line num="9" count="22" type="stmt"/>
        <line num="10" count="22" type="stmt"/>
        <line num="17" count="40" type="stmt"/>
        <line num="21" count="19" type="cond" truecount="1" falsecount="1"/>
        <line num="22" count="19" type="stmt"/>
        <line num="27" count="260" type="cond" truecount="1" falsecount="1"/>
        <line num="28" count="0" type="stmt"/>
        <line num="33" count="1" type="stmt"/>
        <line num="37" count="20" type="cond" truecount="1" falsecount="1"/>
        <line num="38" count="20" type="stmt"/>
        <line num="39" count="20" type="stmt"/>
        <line num="44" count="60" type="cond" truecount="1" falsecount="1"/>
        <line num="45" count="0" type="stmt"/>
        <line num="46" count="0" type="stmt"/>
        <line num="51" count="0" type="cond" truecount="0" falsecount="2"/>
        <line num="52" count="0" type="stmt"/>
        <line num="53" count="0" type="stmt"/>
        <line num="58" count="59" type="cond" truecount="1" falsecount="1"/>
        <line num="59" count="0" type="stmt"/>
        <line num="60" count="0" type="stmt"/>
        <line num="65" count="20" type="cond" truecount="2" falsecount="2"/>
        <line num="66" count="20" type="stmt"/>
        <line num="67" count="20" type="stmt"/>
        <line num="73" count="20" type="cond" truecount="1" falsecount="1"/>
        <line num="74" count="0" type="stmt"/>
        <line num="79" count="19" type="cond" truecount="2" falsecount="2"/>
        <line num="80" count="0" type="stmt"/>
        <line num="81" count="0" type="stmt"/>
        <line num="82" count="0" type="stmt"/>
      </file>
      <file name="RichJson_isResolved.js" path="/home/ms/work/hawk/rjson-parser/src/js/main/helper/RichJson_isResolved.js">
        <metrics statements="23" coveredstatements="16" conditionals="23" coveredconditionals="13" methods="2" coveredmethods="2"/>
        <line num="18" count="2" type="stmt"/>
        <line num="19" count="2" type="stmt"/>
        <line num="23" count="2" type="cond" truecount="1" falsecount="1"/>
        <line num="24" count="0" type="stmt"/>
        <line num="27" count="2" type="cond" truecount="1" falsecount="1"/>
        <line num="28" count="0" type="stmt"/>
        <line num="30" count="2" type="stmt"/>
        <line num="32" count="2" type="stmt"/>
        <line num="33" count="2" type="cond" truecount="4" falsecount="1"/>
        <line num="37" count="0" type="stmt"/>
        <line num="40" count="2" type="cond" truecount="1" falsecount="1"/>
        <line num="41" count="2" type="cond" truecount="1" falsecount="1"/>
        <line num="42" count="2" type="stmt"/>
        <line num="43" count="2" type="stmt"/>
        <line num="44" count="2" type="stmt"/>
        <line num="45" count="2" type="cond" truecount="1" falsecount="1"/>
        <line num="46" count="0" type="stmt"/>
        <line num="48" count="2" type="cond" truecount="1" falsecount="1"/>
        <line num="49" count="2" type="cond" truecount="3" falsecount="1"/>
        <line num="51" count="2" type="stmt"/>
        <line num="53" count="0" type="cond" truecount="0" falsecount="2"/>
        <line num="54" count="0" type="stmt"/>
        <line num="58" count="0" type="stmt"/>
      </file>
      <file name="RichJson_keepKeyCommands.js" path="/home/ms/work/hawk/rjson-parser/src/js/main/helper/RichJson_keepKeyCommands.js">
        <metrics statements="3" coveredstatements="0" conditionals="2" coveredconditionals="0" methods="1" coveredmethods="0"/>
        <line num="10" count="0" type="cond" truecount="0" falsecount="2"/>
        <line num="11" count="0" type="stmt"/>
        <line num="13" count="0" type="stmt"/>
      </file>
    </package>
    <package name="main.module">
      <metrics statements="53" coveredstatements="42" conditionals="30" coveredconditionals="13" methods="15" coveredmethods="11"/>
      <file name="RichJsonModule.js" path="/home/ms/work/hawk/rjson-parser/src/js/main/module/RichJsonModule.js">
        <metrics statements="53" coveredstatements="42" conditionals="30" coveredconditionals="13" methods="15" coveredmethods="11"/>
        <line num="4" count="1" type="stmt"/>
        <line num="10" count="1" type="stmt"/>
        <line num="11" count="1" type="stmt"/>
        <line num="12" count="1" type="stmt"/>
        <line num="13" count="1" type="stmt"/>
        <line num="14" count="1" type="stmt"/>
        <line num="17" count="1" type="stmt"/>
        <line num="32" count="0" type="stmt"/>
        <line num="33" count="0" type="cond" truecount="0" falsecount="2"/>
        <line num="34" count="0" type="stmt"/>
        <line num="36" count="0" type="stmt"/>
        <line num="51" count="1" type="stmt"/>
        <line num="52" count="1" type="cond" truecount="1" falsecount="1"/>
        <line num="53" count="0" type="stmt"/>
        <line num="55" count="1" type="stmt"/>
        <line num="59" count="1" type="stmt"/>
        <line num="60" count="1" type="stmt"/>
        <line num="61" count="1" type="cond" truecount="1" falsecount="1"/>
        <line num="62" count="0" type="stmt"/>
        <line num="64" count="1" type="stmt"/>
        <line num="65" count="1" type="stmt"/>
        <line num="67" count="1" type="stmt"/>
        <line num="68" count="0" type="cond" truecount="0" falsecount="2"/>
        <line num="69" count="0" type="stmt"/>
        <line num="72" count="1" type="stmt"/>
        <line num="73" count="0" type="stmt"/>
        <line num="78" count="1" type="stmt"/>
        <line num="79" count="1" type="stmt"/>
        <line num="80" count="0" type="stmt"/>
        <line num="82" count="1" type="stmt"/>
        <line num="83" count="1" type="stmt"/>
        <line num="84" count="1" type="stmt"/>
        <line num="95" count="1" type="cond" truecount="1" falsecount="1"/>
        <line num="96" count="1" type="stmt"/>
        <line num="98" count="1" type="stmt"/>
        <line num="99" count="1" type="stmt"/>
        <line num="107" count="1" type="cond" truecount="1" falsecount="1"/>
        <line num="108" count="1" type="cond" truecount="1" falsecount="1"/>
        <line num="109" count="0" type="stmt"/>
        <line num="110" count="1" type="cond" truecount="1" falsecount="1"/>
        <line num="111" count="1" type="stmt"/>
        <line num="113" count="1" type="stmt"/>
        <line num="123" count="3" type="stmt"/>
        <line num="131" count="1" type="cond" truecount="1" falsecount="1"/>
        <line num="132" count="1" type="cond" truecount="1" falsecount="1"/>
        <line num="133" count="1" type="cond" truecount="1" falsecount="1"/>
        <line num="134" count="1" type="stmt"/>
        <line num="136" count="1" type="stmt"/>
        <line num="146" count="1" type="cond" truecount="1" falsecount="1"/>
        <line num="147" count="1" type="cond" truecount="1" falsecount="1"/>
        <line num="148" count="1" type="cond" truecount="1" falsecount="1"/>
        <line num="149" count="1" type="stmt"/>
        <line num="151" count="1" type="stmt"/>
      </file>
    </package>
    <package name="main.other">
      <metrics statements="28" coveredstatements="10" conditionals="12" coveredconditionals="4" methods="6" coveredmethods="3"/>
      <file name="RichJsonClassMapping.js" path="/home/ms/work/hawk/rjson-parser/src/js/main/other/RichJsonClassMapping.js">
        <metrics statements="13" coveredstatements="5" conditionals="4" coveredconditionals="2" methods="3" coveredmethods="2"/>
        <line num="1" count="2" type="stmt"/>
        <line num="8" count="0" type="stmt"/>
        <line num="9" count="0" type="stmt"/>
        <line num="10" count="0" type="stmt"/>
        <line num="11" count="0" type="stmt"/>
        <line num="12" count="0" type="stmt"/>
        <line num="13" count="0" type="stmt"/>
        <line num="23" count="1" type="cond" truecount="1" falsecount="1"/>
        <line num="24" count="0" type="stmt"/>
        <line num="26" count="1" type="stmt"/>
        <line num="30" count="2" type="cond" truecount="1" falsecount="1"/>
        <line num="31" count="0" type="stmt"/>
        <line num="33" count="2" type="stmt"/>
      </file>
      <file name="RichJsonConfiguration.js" path="/home/ms/work/hawk/rjson-parser/src/js/main/other/RichJsonConfiguration.js">
        <metrics statements="4" coveredstatements="1" conditionals="4" coveredconditionals="0" methods="1" coveredmethods="0"/>
        <line num="3" count="1" type="stmt"/>
        <line num="28" count="0" type="cond" truecount="0" falsecount="4"/>
        <line num="29" count="0" type="stmt"/>
        <line num="32" count="0" type="stmt"/>
      </file>
      <file name="RichJsonEnvironment.js" path="/home/ms/work/hawk/rjson-parser/src/js/main/other/RichJsonEnvironment.js">
        <metrics statements="11" coveredstatements="4" conditionals="4" coveredconditionals="2" methods="2" coveredmethods="1"/>
        <line num="3" count="1" type="stmt"/>
        <line num="10" count="0" type="stmt"/>
        <line num="11" count="0" type="stmt"/>
        <line num="13" count="0" type="stmt"/>
        <line num="14" count="0" type="stmt"/>
        <line num="15" count="0" type="stmt"/>
        <line num="25" count="1" type="cond" truecount="1" falsecount="1"/>
        <line num="26" count="0" type="stmt"/>
        <line num="28" count="1" type="cond" truecount="1" falsecount="1"/>
        <line num="29" count="0" type="stmt"/>
        <line num="32" count="1" type="stmt"/>
      </file>
    </package>
    <package name="test">
      <metrics statements="1" coveredstatements="1" conditionals="0" coveredconditionals="0" methods="0" coveredmethods="0"/>
      <file name="RichJsonTestClass.js" path="/home/ms/work/hawk/rjson-parser/src/js/test/RichJsonTestClass.js">
        <metrics statements="1" coveredstatements="1" conditionals="0" coveredconditionals="0" methods="0" coveredmethods="0"/>
        <line num="2" count="2" type="stmt"/>
      </file>
    </package>
  </project>
</coverage>
