{"/home/ms/work/hawk/rjson-parser/src/js/main/index.js": {"path":"/home/ms/work/hawk/rjson-parser/src/js/main/index.js","statementMap":{},"fnMap":{},"branchMap":{},"s":{},"f":{},"b":{},"meta":{"lastBranch":0,"lastFunction":0,"lastStatement":0,"seen":{}}}
,"/home/ms/work/hawk/rjson-parser/src/js/main/commands/RichJson_clone.js": {"path":"/home/ms/work/hawk/rjson-parser/src/js/main/commands/RichJson_clone.js","statementMap":{"0":{"start":{"line":10,"column":4},"end":{"line":15,"column":null}},"1":{"start":{"line":11,"column":8},"end":{"line":13,"column":null}},"2":{"start":{"line":12,"column":12},"end":{"line":12,"column":null}},"3":{"start":{"line":14,"column":8},"end":{"line":14,"column":null}},"4":{"start":{"line":16,"column":4},"end":{"line":16,"column":null}},"5":{"start":{"line":17,"column":4},"end":{"line":17,"column":null}},"6":{"start":{"line":18,"column":4},"end":{"line":18,"column":null}},"7":{"start":{"line":19,"column":4},"end":{"line":19,"column":null}}},"fnMap":{"0":{"name":"__executeCloneCommand","decl":{"start":{"line":9,"column":16},"end":{"line":9,"column":37}},"loc":{"start":{"line":9,"column":55},"end":{"line":20,"column":null}},"line":9}},"branchMap":{"0":{"loc":{"start":{"line":10,"column":4},"end":{"line":15,"column":null}},"type":"if","locations":[{"start":{"line":10,"column":4},"end":{"line":15,"column":null}},{"start":{},"end":{}}],"line":10},"1":{"loc":{"start":{"line":11,"column":8},"end":{"line":13,"column":null}},"type":"if","locations":[{"start":{"line":11,"column":8},"end":{"line":13,"column":null}},{"start":{},"end":{}}],"line":11}},"s":{"0":3,"1":0,"2":0,"3":0,"4":3,"5":3,"6":3,"7":3},"f":{"0":3},"b":{"0":[0,3],"1":[0,0]},"meta":{"lastBranch":2,"lastFunction":1,"lastStatement":8,"seen":{"f:9:16:9:37":0,"b:10:4:15:Infinity:undefined:undefined:undefined:undefined":0,"s:10:4:15:Infinity":0,"b:11:8:13:Infinity:undefined:undefined:undefined:undefined":1,"s:11:8:13:Infinity":1,"s:12:12:12:Infinity":2,"s:14:8:14:Infinity":3,"s:16:4:16:Infinity":4,"s:17:4:17:Infinity":5,"s:18:4:18:Infinity":6,"s:19:4:19:Infinity":7}}}
,"/home/ms/work/hawk/rjson-parser/src/js/main/commands/RichJson_copy.js": {"path":"/home/ms/work/hawk/rjson-parser/src/js/main/commands/RichJson_copy.js","statementMap":{"0":{"start":{"line":9,"column":4},"end":{"line":9,"column":null}}},"fnMap":{"0":{"name":"__executeCopyCommand","decl":{"start":{"line":8,"column":16},"end":{"line":8,"column":36}},"loc":{"start":{"line":8,"column":54},"end":{"line":10,"column":null}},"line":8}},"branchMap":{},"s":{"0":2},"f":{"0":2},"b":{},"meta":{"lastBranch":0,"lastFunction":1,"lastStatement":1,"seen":{"f:8:16:8:36":0,"s:9:4:9:Infinity":0}}}
,"/home/ms/work/hawk/rjson-parser/src/js/main/commands/RichJson_env.js": {"path":"/home/ms/work/hawk/rjson-parser/src/js/main/commands/RichJson_env.js","statementMap":{"0":{"start":{"line":12,"column":4},"end":{"line":15,"column":null}},"1":{"start":{"line":13,"column":7},"end":{"line":13,"column":null}},"2":{"start":{"line":14,"column":8},"end":{"line":14,"column":null}},"3":{"start":{"line":17,"column":14},"end":{"line":17,"column":80}},"4":{"start":{"line":18,"column":19},"end":{"line":18,"column":25}},"5":{"start":{"line":20,"column":4},"end":{"line":33,"column":null}},"6":{"start":{"line":21,"column":8},"end":{"line":21,"column":null}},"7":{"start":{"line":22,"column":8},"end":{"line":22,"column":null}},"8":{"start":{"line":23,"column":8},"end":{"line":23,"column":null}},"9":{"start":{"line":24,"column":8},"end":{"line":24,"column":null}},"10":{"start":{"line":25,"column":8},"end":{"line":25,"column":null}},"11":{"start":{"line":26,"column":8},"end":{"line":29,"column":null}},"12":{"start":{"line":27,"column":12},"end":{"line":27,"column":null}},"13":{"start":{"line":28,"column":12},"end":{"line":28,"column":null}},"14":{"start":{"line":30,"column":8},"end":{"line":30,"column":null}},"15":{"start":{"line":32,"column":8},"end":{"line":32,"column":null}}},"fnMap":{"0":{"name":"__executeEnvCommand","decl":{"start":{"line":11,"column":16},"end":{"line":11,"column":35}},"loc":{"start":{"line":11,"column":53},"end":{"line":34,"column":null}},"line":11}},"branchMap":{"0":{"loc":{"start":{"line":12,"column":4},"end":{"line":15,"column":null}},"type":"if","locations":[{"start":{"line":12,"column":4},"end":{"line":15,"column":null}},{"start":{},"end":{}}],"line":12},"1":{"loc":{"start":{"line":20,"column":4},"end":{"line":33,"column":null}},"type":"if","locations":[{"start":{"line":20,"column":4},"end":{"line":33,"column":null}},{"start":{"line":31,"column":11},"end":{"line":33,"column":null}}],"line":20},"2":{"loc":{"start":{"line":22,"column":22},"end":{"line":22,"column":87}},"type":"cond-expr","locations":[{"start":{"line":22,"column":61},"end":{"line":22,"column":82}},{"start":{"line":22,"column":85},"end":{"line":22,"column":87}}],"line":22},"3":{"loc":{"start":{"line":26,"column":8},"end":{"line":29,"column":null}},"type":"if","locations":[{"start":{"line":26,"column":8},"end":{"line":29,"column":null}},{"start":{},"end":{}}],"line":26}},"s":{"0":1,"1":0,"2":0,"3":1,"4":1,"5":1,"6":1,"7":1,"8":1,"9":1,"10":1,"11":1,"12":0,"13":0,"14":1,"15":0},"f":{"0":1},"b":{"0":[0,1],"1":[1,0],"2":[0,1],"3":[0,1]},"meta":{"lastBranch":4,"lastFunction":1,"lastStatement":16,"seen":{"f:11:16:11:35":0,"b:12:4:15:Infinity:undefined:undefined:undefined:undefined":0,"s:12:4:15:Infinity":0,"s:13:7:13:Infinity":1,"s:14:8:14:Infinity":2,"s:17:14:17:80":3,"s:18:19:18:25":4,"b:20:4:33:Infinity:31:11:33:Infinity":1,"s:20:4:33:Infinity":5,"s:21:8:21:Infinity":6,"s:22:8:22:Infinity":7,"b:22:61:22:82:22:85:22:87":2,"s:23:8:23:Infinity":8,"s:24:8:24:Infinity":9,"s:25:8:25:Infinity":10,"b:26:8:29:Infinity:undefined:undefined:undefined:undefined":3,"s:26:8:29:Infinity":11,"s:27:12:27:Infinity":12,"s:28:12:28:Infinity":13,"s:30:8:30:Infinity":14,"s:32:8:32:Infinity":15}}}
,"/home/ms/work/hawk/rjson-parser/src/js/main/commands/RichJson_file.js": {"path":"/home/ms/work/hawk/rjson-parser/src/js/main/commands/RichJson_file.js","statementMap":{"0":{"start":{"line":9,"column":4},"end":{"line":9,"column":null}}},"fnMap":{"0":{"name":"__executeFileCommand","decl":{"start":{"line":8,"column":16},"end":{"line":8,"column":36}},"loc":{"start":{"line":8,"column":54},"end":{"line":10,"column":null}},"line":8}},"branchMap":{},"s":{"0":1},"f":{"0":1},"b":{},"meta":{"lastBranch":0,"lastFunction":1,"lastStatement":1,"seen":{"f:8:16:8:36":0,"s:9:4:9:Infinity":0}}}
,"/home/ms/work/hawk/rjson-parser/src/js/main/commands/RichJson_folder.js": {"path":"/home/ms/work/hawk/rjson-parser/src/js/main/commands/RichJson_folder.js","statementMap":{"0":{"start":{"line":8,"column":4},"end":{"line":8,"column":null}}},"fnMap":{"0":{"name":"__executeFolderCommand","decl":{"start":{"line":7,"column":16},"end":{"line":7,"column":38}},"loc":{"start":{"line":7,"column":56},"end":{"line":9,"column":null}},"line":7}},"branchMap":{},"s":{"0":2},"f":{"0":2},"b":{},"meta":{"lastBranch":0,"lastFunction":1,"lastStatement":1,"seen":{"f:7:16:7:38":0,"s:8:4:8:Infinity":0}}}
,"/home/ms/work/hawk/rjson-parser/src/js/main/commands/RichJson_invoke.js": {"path":"/home/ms/work/hawk/rjson-parser/src/js/main/commands/RichJson_invoke.js","statementMap":{"0":{"start":{"line":6,"column":4},"end":{"line":6,"column":null}}},"fnMap":{"0":{"name":"__executeInvokeCommand","decl":{"start":{"line":5,"column":16},"end":{"line":5,"column":38}},"loc":{"start":{"line":5,"column":56},"end":{"line":7,"column":null}},"line":5}},"branchMap":{},"s":{"0":1},"f":{"0":1},"b":{},"meta":{"lastBranch":0,"lastFunction":1,"lastStatement":1,"seen":{"f:5:16:5:38":0,"s:6:4:6:Infinity":0}}}
,"/home/ms/work/hawk/rjson-parser/src/js/main/commands/RichJson_merge.js": {"path":"/home/ms/work/hawk/rjson-parser/src/js/main/commands/RichJson_merge.js","statementMap":{"0":{"start":{"line":10,"column":15},"end":{"line":10,"column":73}},"1":{"start":{"line":11,"column":25},"end":{"line":11,"column":83}},"2":{"start":{"line":12,"column":25},"end":{"line":12,"column":47}},"3":{"start":{"line":13,"column":4},"end":{"line":13,"column":null}},"4":{"start":{"line":14,"column":4},"end":{"line":14,"column":null}},"5":{"start":{"line":15,"column":4},"end":{"line":15,"column":null}},"6":{"start":{"line":17,"column":4},"end":{"line":34,"column":null}},"7":{"start":{"line":18,"column":7},"end":{"line":18,"column":null}},"8":{"start":{"line":19,"column":8},"end":{"line":24,"column":null}},"9":{"start":{"line":19,"column":21},"end":{"line":19,"column":22}},"10":{"start":{"line":20,"column":12},"end":{"line":20,"column":null}},"11":{"start":{"line":21,"column":12},"end":{"line":21,"column":null}},"12":{"start":{"line":22,"column":12},"end":{"line":22,"column":null}},"13":{"start":{"line":23,"column":11},"end":{"line":23,"column":null}},"14":{"start":{"line":26,"column":8},"end":{"line":26,"column":null}},"15":{"start":{"line":27,"column":8},"end":{"line":27,"column":69}},"16":{"start":{"line":28,"column":8},"end":{"line":33,"column":null}},"17":{"start":{"line":28,"column":21},"end":{"line":28,"column":22}},"18":{"start":{"line":29,"column":12},"end":{"line":29,"column":null}},"19":{"start":{"line":30,"column":12},"end":{"line":30,"column":null}},"20":{"start":{"line":31,"column":12},"end":{"line":31,"column":null}},"21":{"start":{"line":32,"column":12},"end":{"line":32,"column":null}},"22":{"start":{"line":36,"column":4},"end":{"line":36,"column":null}}},"fnMap":{"0":{"name":"__executeMergeCommand","decl":{"start":{"line":9,"column":16},"end":{"line":9,"column":37}},"loc":{"start":{"line":9,"column":55},"end":{"line":37,"column":null}},"line":9}},"branchMap":{"0":{"loc":{"start":{"line":17,"column":4},"end":{"line":34,"column":null}},"type":"if","locations":[{"start":{"line":17,"column":4},"end":{"line":34,"column":null}},{"start":{"line":25,"column":11},"end":{"line":34,"column":null}}],"line":17}},"s":{"0":4,"1":4,"2":4,"3":4,"4":4,"5":4,"6":4,"7":2,"8":2,"9":2,"10":2,"11":2,"12":2,"13":2,"14":2,"15":2,"16":2,"17":2,"18":4,"19":4,"20":4,"21":4,"22":4},"f":{"0":4},"b":{"0":[2,2]},"meta":{"lastBranch":1,"lastFunction":1,"lastStatement":23,"seen":{"f:9:16:9:37":0,"s:10:15:10:73":0,"s:11:25:11:83":1,"s:12:25:12:47":2,"s:13:4:13:Infinity":3,"s:14:4:14:Infinity":4,"s:15:4:15:Infinity":5,"b:17:4:34:Infinity:25:11:34:Infinity":0,"s:17:4:34:Infinity":6,"s:18:7:18:Infinity":7,"s:19:8:24:Infinity":8,"s:19:21:19:22":9,"s:20:12:20:Infinity":10,"s:21:12:21:Infinity":11,"s:22:12:22:Infinity":12,"s:23:11:23:Infinity":13,"s:26:8:26:Infinity":14,"s:27:8:27:69":15,"s:28:8:33:Infinity":16,"s:28:21:28:22":17,"s:29:12:29:Infinity":18,"s:30:12:30:Infinity":19,"s:31:12:31:Infinity":20,"s:32:12:32:Infinity":21,"s:36:4:36:Infinity":22}}}
,"/home/ms/work/hawk/rjson-parser/src/js/main/commands/RichJson_merge_folder.js": {"path":"/home/ms/work/hawk/rjson-parser/src/js/main/commands/RichJson_merge_folder.js","statementMap":{"0":{"start":{"line":9,"column":16},"end":{"line":9,"column":56}},"1":{"start":{"line":10,"column":21},"end":{"line":10,"column":43}},"2":{"start":{"line":11,"column":13},"end":{"line":11,"column":15}},"3":{"start":{"line":13,"column":4},"end":{"line":17,"column":null}},"4":{"start":{"line":14,"column":8},"end":{"line":16,"column":null}},"5":{"start":{"line":14,"column":21},"end":{"line":14,"column":22}},"6":{"start":{"line":15,"column":11},"end":{"line":15,"column":null}},"7":{"start":{"line":19,"column":4},"end":{"line":19,"column":null}}},"fnMap":{"0":{"name":"__executeMergeFolderCommand","decl":{"start":{"line":8,"column":16},"end":{"line":8,"column":43}},"loc":{"start":{"line":8,"column":61},"end":{"line":20,"column":null}},"line":8}},"branchMap":{"0":{"loc":{"start":{"line":13,"column":4},"end":{"line":17,"column":null}},"type":"if","locations":[{"start":{"line":13,"column":4},"end":{"line":17,"column":null}},{"start":{},"end":{}}],"line":13}},"s":{"0":1,"1":1,"2":1,"3":1,"4":1,"5":1,"6":2,"7":1},"f":{"0":1},"b":{"0":[1,0]},"meta":{"lastBranch":1,"lastFunction":1,"lastStatement":8,"seen":{"f:8:16:8:43":0,"s:9:16:9:56":0,"s:10:21:10:43":1,"s:11:13:11:15":2,"b:13:4:17:Infinity:undefined:undefined:undefined:undefined":0,"s:13:4:17:Infinity":3,"s:14:8:16:Infinity":4,"s:14:21:14:22":5,"s:15:11:15:Infinity":6,"s:19:4:19:Infinity":7}}}
,"/home/ms/work/hawk/rjson-parser/src/js/main/commands/RichJson_ref.js": {"path":"/home/ms/work/hawk/rjson-parser/src/js/main/commands/RichJson_ref.js","statementMap":{"0":{"start":{"line":9,"column":4},"end":{"line":11,"column":null}},"1":{"start":{"line":10,"column":8},"end":{"line":10,"column":null}},"2":{"start":{"line":12,"column":21},"end":{"line":12,"column":33}},"3":{"start":{"line":13,"column":25},"end":{"line":13,"column":47}},"4":{"start":{"line":14,"column":15},"end":{"line":14,"column":78}},"5":{"start":{"line":15,"column":14},"end":{"line":15,"column":23}},"6":{"start":{"line":17,"column":4},"end":{"line":34,"column":null}},"7":{"start":{"line":17,"column":17},"end":{"line":17,"column":18}},"8":{"start":{"line":18,"column":8},"end":{"line":18,"column":null}},"9":{"start":{"line":19,"column":8},"end":{"line":19,"column":null}},"10":{"start":{"line":20,"column":8},"end":{"line":26,"column":null}},"11":{"start":{"line":21,"column":12},"end":{"line":25,"column":null}},"12":{"start":{"line":22,"column":16},"end":{"line":22,"column":null}},"13":{"start":{"line":24,"column":16},"end":{"line":24,"column":null}},"14":{"start":{"line":27,"column":8},"end":{"line":30,"column":null}},"15":{"start":{"line":31,"column":8},"end":{"line":31,"column":null}},"16":{"start":{"line":32,"column":8},"end":{"line":32,"column":null}},"17":{"start":{"line":33,"column":8},"end":{"line":33,"column":null}},"18":{"start":{"line":35,"column":4},"end":{"line":35,"column":null}},"19":{"start":{"line":36,"column":4},"end":{"line":36,"column":null}},"20":{"start":{"line":37,"column":4},"end":{"line":37,"column":null}}},"fnMap":{"0":{"name":"__executeRefCommand","decl":{"start":{"line":8,"column":16},"end":{"line":8,"column":35}},"loc":{"start":{"line":8,"column":53},"end":{"line":38,"column":null}},"line":8}},"branchMap":{"0":{"loc":{"start":{"line":9,"column":4},"end":{"line":11,"column":null}},"type":"if","locations":[{"start":{"line":9,"column":4},"end":{"line":11,"column":null}},{"start":{},"end":{}}],"line":9},"1":{"loc":{"start":{"line":20,"column":8},"end":{"line":26,"column":null}},"type":"if","locations":[{"start":{"line":20,"column":8},"end":{"line":26,"column":null}},{"start":{},"end":{}}],"line":20},"2":{"loc":{"start":{"line":21,"column":12},"end":{"line":25,"column":null}},"type":"if","locations":[{"start":{"line":21,"column":12},"end":{"line":25,"column":null}},{"start":{"line":23,"column":19},"end":{"line":25,"column":null}}],"line":21},"3":{"loc":{"start":{"line":27,"column":32},"end":{"line":29,"column":null}},"type":"cond-expr","locations":[{"start":{"line":28,"column":14},"end":{"line":28,"column":null}},{"start":{"line":29,"column":14},"end":{"line":29,"column":null}}],"line":27},"4":{"loc":{"start":{"line":27,"column":32},"end":{"line":27,"column":null}},"type":"binary-expr","locations":[{"start":{"line":27,"column":32},"end":{"line":27,"column":68}},{"start":{"line":27,"column":72},"end":{"line":27,"column":null}}],"line":27}},"s":{"0":47,"1":1,"2":46,"3":46,"4":46,"5":46,"6":46,"7":46,"8":67,"9":67,"10":67,"11":67,"12":67,"13":0,"14":67,"15":67,"16":67,"17":67,"18":46,"19":46,"20":46},"f":{"0":47},"b":{"0":[1,46],"1":[67,0],"2":[67,0],"3":[50,17],"4":[67,24]},"meta":{"lastBranch":5,"lastFunction":1,"lastStatement":21,"seen":{"f:8:16:8:35":0,"b:9:4:11:Infinity:undefined:undefined:undefined:undefined":0,"s:9:4:11:Infinity":0,"s:10:8:10:Infinity":1,"s:12:21:12:33":2,"s:13:25:13:47":3,"s:14:15:14:78":4,"s:15:14:15:23":5,"s:17:4:34:Infinity":6,"s:17:17:17:18":7,"s:18:8:18:Infinity":8,"s:19:8:19:Infinity":9,"b:20:8:26:Infinity:undefined:undefined:undefined:undefined":1,"s:20:8:26:Infinity":10,"b:21:12:25:Infinity:23:19:25:Infinity":2,"s:21:12:25:Infinity":11,"s:22:16:22:Infinity":12,"s:24:16:24:Infinity":13,"s:27:8:30:Infinity":14,"b:28:14:28:Infinity:29:14:29:Infinity":3,"b:27:32:27:68:27:72:27:Infinity":4,"s:31:8:31:Infinity":15,"s:32:8:32:Infinity":16,"s:33:8:33:Infinity":17,"s:35:4:35:Infinity":18,"s:36:4:36:Infinity":19,"s:37:4:37:Infinity":20}}}
,"/home/ms/work/hawk/rjson-parser/src/js/main/commands/RichJson_this.js": {"path":"/home/ms/work/hawk/rjson-parser/src/js/main/commands/RichJson_this.js","statementMap":{"0":{"start":{"line":8,"column":4},"end":{"line":8,"column":null}}},"fnMap":{"0":{"name":"__executeThisCommand","decl":{"start":{"line":7,"column":16},"end":{"line":7,"column":36}},"loc":{"start":{"line":7,"column":54},"end":{"line":9,"column":null}},"line":7}},"branchMap":{},"s":{"0":1},"f":{"0":1},"b":{},"meta":{"lastBranch":0,"lastFunction":1,"lastStatement":1,"seen":{"f:7:16:7:36":0,"s:8:4:8:Infinity":0}}}
,"/home/ms/work/hawk/rjson-parser/src/js/main/core/RichJson.js": {"path":"/home/ms/work/hawk/rjson-parser/src/js/main/core/RichJson.js","statementMap":{"0":{"start":{"line":16,"column":42},"end":{"line":16,"column":null}},"1":{"start":{"line":17,"column":42},"end":{"line":17,"column":null}},"2":{"start":{"line":18,"column":44},"end":{"line":18,"column":null}},"3":{"start":{"line":19,"column":45},"end":{"line":19,"column":null}},"4":{"start":{"line":20,"column":50},"end":{"line":20,"column":null}},"5":{"start":{"line":21,"column":45},"end":{"line":21,"column":null}},"6":{"start":{"line":22,"column":39},"end":{"line":22,"column":null}},"7":{"start":{"line":23,"column":41},"end":{"line":23,"column":null}},"8":{"start":{"line":24,"column":46},"end":{"line":24,"column":null}},"9":{"start":{"line":26,"column":42},"end":{"line":26,"column":null}},"10":{"start":{"line":27,"column":44},"end":{"line":27,"column":null}},"11":{"start":{"line":28,"column":51},"end":{"line":28,"column":null}},"12":{"start":{"line":29,"column":51},"end":{"line":29,"column":null}},"13":{"start":{"line":31,"column":44},"end":{"line":31,"column":null}},"14":{"start":{"line":32,"column":49},"end":{"line":32,"column":null}},"15":{"start":{"line":33,"column":51},"end":{"line":33,"column":null}},"16":{"start":{"line":34,"column":44},"end":{"line":34,"column":null}},"17":{"start":{"line":36,"column":43},"end":{"line":36,"column":null}},"18":{"start":{"line":36,"column":54},"end":{"line":36,"column":148}},"19":{"start":{"line":37,"column":47},"end":{"line":37,"column":null}},"20":{"start":{"line":37,"column":58},"end":{"line":37,"column":105}},"21":{"start":{"line":38,"column":52},"end":{"line":38,"column":null}},"22":{"start":{"line":38,"column":63},"end":{"line":38,"column":115}},"23":{"start":{"line":39,"column":47},"end":{"line":39,"column":null}},"24":{"start":{"line":39,"column":58},"end":{"line":39,"column":105}},"25":{"start":{"line":41,"column":50},"end":{"line":41,"column":null}},"26":{"start":{"line":42,"column":54},"end":{"line":42,"column":null}},"27":{"start":{"line":43,"column":54},"end":{"line":43,"column":null}},"28":{"start":{"line":45,"column":30},"end":{"line":45,"column":60}},"29":{"start":{"line":45,"column":48},"end":{"line":45,"column":60}},"30":{"start":{"line":46,"column":30},"end":{"line":46,"column":78}},"31":{"start":{"line":46,"column":58},"end":{"line":46,"column":78}},"32":{"start":{"line":47,"column":31},"end":{"line":47,"column":59}},"33":{"start":{"line":47,"column":51},"end":{"line":47,"column":59}},"34":{"start":{"line":48,"column":31},"end":{"line":48,"column":74}},"35":{"start":{"line":48,"column":58},"end":{"line":48,"column":74}},"36":{"start":{"line":51,"column":11},"end":{"line":51,"column":20}},"37":{"start":{"line":52,"column":14},"end":{"line":52,"column":23}},"38":{"start":{"line":53,"column":21},"end":{"line":53,"column":30}},"39":{"start":{"line":54,"column":20},"end":{"line":54,"column":29}},"40":{"start":{"line":55,"column":21},"end":{"line":55,"column":30}},"41":{"start":{"line":56,"column":18},"end":{"line":56,"column":27}},"42":{"start":{"line":57,"column":18},"end":{"line":57,"column":20}},"43":{"start":{"line":61,"column":21},"end":{"line":61,"column":22}},"44":{"start":{"line":62,"column":9},"end":{"line":62,"column":33}},"45":{"start":{"line":63,"column":12},"end":{"line":63,"column":40}},"46":{"start":{"line":64,"column":13},"end":{"line":64,"column":43}},"47":{"start":{"line":65,"column":12},"end":{"line":65,"column":31}},"48":{"start":{"line":66,"column":10},"end":{"line":66,"column":31}},"49":{"start":{"line":69,"column":8},"end":{"line":71,"column":null}},"50":{"start":{"line":70,"column":12},"end":{"line":70,"column":null}},"51":{"start":{"line":72,"column":8},"end":{"line":72,"column":null}},"52":{"start":{"line":73,"column":8},"end":{"line":73,"column":null}},"53":{"start":{"line":77,"column":8},"end":{"line":95,"column":null}},"54":{"start":{"line":78,"column":12},"end":{"line":78,"column":null}},"55":{"start":{"line":79,"column":12},"end":{"line":79,"column":null}},"56":{"start":{"line":80,"column":12},"end":{"line":80,"column":null}},"57":{"start":{"line":81,"column":12},"end":{"line":81,"column":null}},"58":{"start":{"line":82,"column":12},"end":{"line":82,"column":null}},"59":{"start":{"line":83,"column":12},"end":{"line":83,"column":null}},"60":{"start":{"line":84,"column":12},"end":{"line":84,"column":null}},"61":{"start":{"line":85,"column":12},"end":{"line":85,"column":null}},"62":{"start":{"line":86,"column":12},"end":{"line":86,"column":null}},"63":{"start":{"line":87,"column":12},"end":{"line":87,"column":null}},"64":{"start":{"line":88,"column":12},"end":{"line":92,"column":null}},"65":{"start":{"line":89,"column":16},"end":{"line":89,"column":null}},"66":{"start":{"line":91,"column":16},"end":{"line":91,"column":null}},"67":{"start":{"line":93,"column":12},"end":{"line":93,"column":null}},"68":{"start":{"line":94,"column":12},"end":{"line":94,"column":null}},"69":{"start":{"line":96,"column":8},"end":{"line":96,"column":null}},"70":{"start":{"line":97,"column":8},"end":{"line":97,"column":null}},"71":{"start":{"line":98,"column":8},"end":{"line":98,"column":null}},"72":{"start":{"line":100,"column":23},"end":{"line":100,"column":45}},"73":{"start":{"line":101,"column":26},"end":{"line":101,"column":46}},"74":{"start":{"line":102,"column":29},"end":{"line":102,"column":52}},"75":{"start":{"line":108,"column":8},"end":{"line":117,"column":null}},"76":{"start":{"line":109,"column":12},"end":{"line":109,"column":null}},"77":{"start":{"line":110,"column":12},"end":{"line":110,"column":null}},"78":{"start":{"line":111,"column":12},"end":{"line":111,"column":null}},"79":{"start":{"line":112,"column":12},"end":{"line":112,"column":null}},"80":{"start":{"line":114,"column":12},"end":{"line":114,"column":null}},"81":{"start":{"line":115,"column":12},"end":{"line":115,"column":null}},"82":{"start":{"line":116,"column":12},"end":{"line":116,"column":null}},"83":{"start":{"line":119,"column":8},"end":{"line":129,"column":null}},"84":{"start":{"line":119,"column":21},"end":{"line":119,"column":22}},"85":{"start":{"line":120,"column":12},"end":{"line":120,"column":null}},"86":{"start":{"line":121,"column":12},"end":{"line":121,"column":null}},"87":{"start":{"line":122,"column":12},"end":{"line":125,"column":null}},"88":{"start":{"line":126,"column":12},"end":{"line":126,"column":null}},"89":{"start":{"line":127,"column":12},"end":{"line":127,"column":null}},"90":{"start":{"line":128,"column":12},"end":{"line":128,"column":null}},"91":{"start":{"line":131,"column":8},"end":{"line":131,"column":null}},"92":{"start":{"line":132,"column":8},"end":{"line":132,"column":null}},"93":{"start":{"line":133,"column":8},"end":{"line":133,"column":null}},"94":{"start":{"line":134,"column":8},"end":{"line":134,"column":null}},"95":{"start":{"line":138,"column":20},"end":{"line":138,"column":49}},"96":{"start":{"line":148,"column":8},"end":{"line":191,"column":null}},"97":{"start":{"line":148,"column":21},"end":{"line":148,"column":22}},"98":{"start":{"line":149,"column":12},"end":{"line":149,"column":null}},"99":{"start":{"line":150,"column":12},"end":{"line":150,"column":null}},"100":{"start":{"line":151,"column":12},"end":{"line":151,"column":null}},"101":{"start":{"line":152,"column":12},"end":{"line":152,"column":null}},"102":{"start":{"line":153,"column":12},"end":{"line":190,"column":null}},"103":{"start":{"line":154,"column":16},"end":{"line":154,"column":null}},"104":{"start":{"line":155,"column":16},"end":{"line":155,"column":null}},"105":{"start":{"line":157,"column":16},"end":{"line":162,"column":null}},"106":{"start":{"line":158,"column":20},"end":{"line":158,"column":null}},"107":{"start":{"line":159,"column":20},"end":{"line":159,"column":null}},"108":{"start":{"line":160,"column":20},"end":{"line":160,"column":null}},"109":{"start":{"line":161,"column":20},"end":{"line":161,"column":null}},"110":{"start":{"line":164,"column":16},"end":{"line":168,"column":null}},"111":{"start":{"line":165,"column":20},"end":{"line":165,"column":null}},"112":{"start":{"line":166,"column":20},"end":{"line":166,"column":null}},"113":{"start":{"line":167,"column":20},"end":{"line":167,"column":null}},"114":{"start":{"line":169,"column":16},"end":{"line":182,"column":null}},"115":{"start":{"line":170,"column":20},"end":{"line":181,"column":null}},"116":{"start":{"line":171,"column":24},"end":{"line":171,"column":null}},"117":{"start":{"line":172,"column":24},"end":{"line":172,"column":null}},"118":{"start":{"line":173,"column":24},"end":{"line":173,"column":null}},"119":{"start":{"line":175,"column":24},"end":{"line":175,"column":null}},"120":{"start":{"line":176,"column":24},"end":{"line":176,"column":null}},"121":{"start":{"line":177,"column":36},"end":{"line":177,"column":55}},"122":{"start":{"line":178,"column":24},"end":{"line":178,"column":null}},"123":{"start":{"line":179,"column":24},"end":{"line":179,"column":null}},"124":{"start":{"line":180,"column":24},"end":{"line":180,"column":null}},"125":{"start":{"line":183,"column":16},"end":{"line":185,"column":null}},"126":{"start":{"line":184,"column":20},"end":{"line":184,"column":null}},"127":{"start":{"line":186,"column":16},"end":{"line":186,"column":null}},"128":{"start":{"line":187,"column":16},"end":{"line":189,"column":null}},"129":{"start":{"line":188,"column":20},"end":{"line":188,"column":null}},"130":{"start":{"line":195,"column":8},"end":{"line":195,"column":null}},"131":{"start":{"line":196,"column":8},"end":{"line":203,"column":null}},"132":{"start":{"line":197,"column":12},"end":{"line":197,"column":null}},"133":{"start":{"line":198,"column":12},"end":{"line":198,"column":null}},"134":{"start":{"line":199,"column":12},"end":{"line":199,"column":null}},"135":{"start":{"line":201,"column":12},"end":{"line":201,"column":null}},"136":{"start":{"line":202,"column":12},"end":{"line":202,"column":null}},"137":{"start":{"line":205,"column":8},"end":{"line":208,"column":null}},"138":{"start":{"line":206,"column":12},"end":{"line":206,"column":null}},"139":{"start":{"line":207,"column":12},"end":{"line":207,"column":null}},"140":{"start":{"line":210,"column":8},"end":{"line":249,"column":null}},"141":{"start":{"line":211,"column":12},"end":{"line":219,"column":null}},"142":{"start":{"line":212,"column":16},"end":{"line":212,"column":null}},"143":{"start":{"line":213,"column":16},"end":{"line":218,"column":null}},"144":{"start":{"line":214,"column":20},"end":{"line":214,"column":null}},"145":{"start":{"line":215,"column":20},"end":{"line":215,"column":null}},"146":{"start":{"line":217,"column":20},"end":{"line":217,"column":null}},"147":{"start":{"line":220,"column":21},"end":{"line":220,"column":71}},"148":{"start":{"line":221,"column":12},"end":{"line":221,"column":null}},"149":{"start":{"line":222,"column":12},"end":{"line":222,"column":null}},"150":{"start":{"line":225,"column":33},"end":{"line":225,"column":56}},"151":{"start":{"line":226,"column":27},"end":{"line":226,"column":64}},"152":{"start":{"line":227,"column":12},"end":{"line":236,"column":null}},"153":{"start":{"line":228,"column":16},"end":{"line":228,"column":38}},"154":{"start":{"line":229,"column":16},"end":{"line":229,"column":null}},"155":{"start":{"line":230,"column":16},"end":{"line":230,"column":null}},"156":{"start":{"line":231,"column":16},"end":{"line":231,"column":null}},"157":{"start":{"line":232,"column":16},"end":{"line":234,"column":null}},"158":{"start":{"line":233,"column":19},"end":{"line":233,"column":null}},"159":{"start":{"line":235,"column":16},"end":{"line":235,"column":null}},"160":{"start":{"line":238,"column":12},"end":{"line":238,"column":null}},"161":{"start":{"line":240,"column":12},"end":{"line":246,"column":null}},"162":{"start":{"line":241,"column":16},"end":{"line":241,"column":null}},"163":{"start":{"line":242,"column":16},"end":{"line":244,"column":null}},"164":{"start":{"line":243,"column":19},"end":{"line":243,"column":null}},"165":{"start":{"line":245,"column":16},"end":{"line":245,"column":null}},"166":{"start":{"line":247,"column":12},"end":{"line":247,"column":null}},"167":{"start":{"line":248,"column":12},"end":{"line":248,"column":null}},"168":{"start":{"line":253,"column":8},"end":{"line":253,"column":null}},"169":{"start":{"line":257,"column":17},"end":{"line":257,"column":19}},"170":{"start":{"line":258,"column":18},"end":{"line":258,"column":40}},"171":{"start":{"line":259,"column":23},"end":{"line":259,"column":25}},"172":{"start":{"line":260,"column":19},"end":{"line":260,"column":21}},"173":{"start":{"line":264,"column":8},"end":{"line":305,"column":null}},"174":{"start":{"line":264,"column":21},"end":{"line":264,"column":22}},"175":{"start":{"line":265,"column":12},"end":{"line":265,"column":null}},"176":{"start":{"line":266,"column":12},"end":{"line":304,"column":null}},"177":{"start":{"line":267,"column":16},"end":{"line":267,"column":null}},"178":{"start":{"line":268,"column":16},"end":{"line":274,"column":null}},"179":{"start":{"line":270,"column":20},"end":{"line":270,"column":null}},"180":{"start":{"line":271,"column":20},"end":{"line":271,"column":null}},"181":{"start":{"line":273,"column":20},"end":{"line":273,"column":null}},"182":{"start":{"line":275,"column":19},"end":{"line":304,"column":null}},"183":{"start":{"line":276,"column":16},"end":{"line":276,"column":null}},"184":{"start":{"line":277,"column":16},"end":{"line":277,"column":null}},"185":{"start":{"line":278,"column":16},"end":{"line":278,"column":null}},"186":{"start":{"line":279,"column":16},"end":{"line":283,"column":null}},"187":{"start":{"line":280,"column":20},"end":{"line":280,"column":null}},"188":{"start":{"line":282,"column":20},"end":{"line":282,"column":null}},"189":{"start":{"line":284,"column":16},"end":{"line":284,"column":null}},"190":{"start":{"line":285,"column":16},"end":{"line":287,"column":null}},"191":{"start":{"line":286,"column":20},"end":{"line":286,"column":null}},"192":{"start":{"line":288,"column":16},"end":{"line":291,"column":null}},"193":{"start":{"line":292,"column":16},"end":{"line":296,"column":null}},"194":{"start":{"line":293,"column":20},"end":{"line":293,"column":null}},"195":{"start":{"line":295,"column":20},"end":{"line":295,"column":null}},"196":{"start":{"line":297,"column":19},"end":{"line":304,"column":null}},"197":{"start":{"line":298,"column":16},"end":{"line":300,"column":null}},"198":{"start":{"line":299,"column":20},"end":{"line":299,"column":null}},"199":{"start":{"line":301,"column":16},"end":{"line":301,"column":null}},"200":{"start":{"line":303,"column":16},"end":{"line":303,"column":null}},"201":{"start":{"line":307,"column":8},"end":{"line":307,"column":null}},"202":{"start":{"line":308,"column":8},"end":{"line":308,"column":null}},"203":{"start":{"line":312,"column":17},"end":{"line":312,"column":19}},"204":{"start":{"line":314,"column":8},"end":{"line":322,"column":null}},"205":{"start":{"line":315,"column":23},"end":{"line":315,"column":32}},"206":{"start":{"line":316,"column":12},"end":{"line":321,"column":null}},"207":{"start":{"line":316,"column":25},"end":{"line":316,"column":26}},"208":{"start":{"line":316,"column":34},"end":{"line":316,"column":95}},"209":{"start":{"line":317,"column":16},"end":{"line":317,"column":null}},"210":{"start":{"line":318,"column":16},"end":{"line":320,"column":null}},"211":{"start":{"line":319,"column":20},"end":{"line":319,"column":null}},"212":{"start":{"line":324,"column":8},"end":{"line":324,"column":null}},"213":{"start":{"line":328,"column":8},"end":{"line":340,"column":null}},"214":{"start":{"line":329,"column":12},"end":{"line":329,"column":null}},"215":{"start":{"line":330,"column":12},"end":{"line":330,"column":null}},"216":{"start":{"line":331,"column":12},"end":{"line":331,"column":null}},"217":{"start":{"line":332,"column":12},"end":{"line":332,"column":null}},"218":{"start":{"line":333,"column":12},"end":{"line":333,"column":null}},"219":{"start":{"line":334,"column":12},"end":{"line":334,"column":null}},"220":{"start":{"line":335,"column":12},"end":{"line":339,"column":null}},"221":{"start":{"line":336,"column":15},"end":{"line":336,"column":null}},"222":{"start":{"line":338,"column":16},"end":{"line":338,"column":null}},"223":{"start":{"line":341,"column":8},"end":{"line":341,"column":null}},"224":{"start":{"line":345,"column":8},"end":{"line":403,"column":null}},"225":{"start":{"line":346,"column":12},"end":{"line":346,"column":null}},"226":{"start":{"line":347,"column":37},"end":{"line":347,"column":60}},"227":{"start":{"line":348,"column":12},"end":{"line":348,"column":null}},"228":{"start":{"line":349,"column":12},"end":{"line":349,"column":null}},"229":{"start":{"line":350,"column":36},"end":{"line":350,"column":58}},"230":{"start":{"line":353,"column":12},"end":{"line":356,"column":null}},"231":{"start":{"line":354,"column":16},"end":{"line":354,"column":null}},"232":{"start":{"line":355,"column":16},"end":{"line":355,"column":null}},"233":{"start":{"line":358,"column":33},"end":{"line":358,"column":90}},"234":{"start":{"line":359,"column":12},"end":{"line":374,"column":null}},"235":{"start":{"line":359,"column":25},"end":{"line":359,"column":26}},"236":{"start":{"line":360,"column":16},"end":{"line":360,"column":null}},"237":{"start":{"line":361,"column":16},"end":{"line":373,"column":null}},"238":{"start":{"line":362,"column":20},"end":{"line":369,"column":null}},"239":{"start":{"line":363,"column":36},"end":{"line":363,"column":97}},"240":{"start":{"line":364,"column":24},"end":{"line":364,"column":null}},"241":{"start":{"line":365,"column":24},"end":{"line":365,"column":null}},"242":{"start":{"line":366,"column":24},"end":{"line":366,"column":null}},"243":{"start":{"line":368,"column":24},"end":{"line":368,"column":null}},"244":{"start":{"line":371,"column":20},"end":{"line":371,"column":null}},"245":{"start":{"line":372,"column":20},"end":{"line":372,"column":71}},"246":{"start":{"line":376,"column":12},"end":{"line":379,"column":null}},"247":{"start":{"line":377,"column":16},"end":{"line":377,"column":null}},"248":{"start":{"line":378,"column":16},"end":{"line":378,"column":null}},"249":{"start":{"line":381,"column":23},"end":{"line":381,"column":36}},"250":{"start":{"line":382,"column":12},"end":{"line":394,"column":null}},"251":{"start":{"line":382,"column":25},"end":{"line":382,"column":26}},"252":{"start":{"line":383,"column":16},"end":{"line":383,"column":null}},"253":{"start":{"line":384,"column":16},"end":{"line":386,"column":null}},"254":{"start":{"line":385,"column":20},"end":{"line":385,"column":null}},"255":{"start":{"line":387,"column":16},"end":{"line":387,"column":null}},"256":{"start":{"line":388,"column":16},"end":{"line":388,"column":null}},"257":{"start":{"line":389,"column":16},"end":{"line":389,"column":null}},"258":{"start":{"line":390,"column":16},"end":{"line":390,"column":null}},"259":{"start":{"line":391,"column":16},"end":{"line":393,"column":null}},"260":{"start":{"line":392,"column":20},"end":{"line":392,"column":71}},"261":{"start":{"line":395,"column":12},"end":{"line":395,"column":null}},"262":{"start":{"line":397,"column":12},"end":{"line":397,"column":null}},"263":{"start":{"line":398,"column":12},"end":{"line":398,"column":null}},"264":{"start":{"line":400,"column":12},"end":{"line":400,"column":null}},"265":{"start":{"line":401,"column":12},"end":{"line":401,"column":null}},"266":{"start":{"line":402,"column":12},"end":{"line":402,"column":null}},"267":{"start":{"line":407,"column":8},"end":{"line":409,"column":null}},"268":{"start":{"line":408,"column":11},"end":{"line":408,"column":null}},"269":{"start":{"line":410,"column":8},"end":{"line":410,"column":null}},"270":{"start":{"line":414,"column":8},"end":{"line":422,"column":null}},"271":{"start":{"line":415,"column":31},"end":{"line":415,"column":85}},"272":{"start":{"line":416,"column":12},"end":{"line":421,"column":null}},"273":{"start":{"line":417,"column":16},"end":{"line":417,"column":null}},"274":{"start":{"line":418,"column":16},"end":{"line":418,"column":null}},"275":{"start":{"line":419,"column":16},"end":{"line":419,"column":null}},"276":{"start":{"line":420,"column":16},"end":{"line":420,"column":null}},"277":{"start":{"line":426,"column":8},"end":{"line":433,"column":null}},"278":{"start":{"line":427,"column":24},"end":{"line":427,"column":43}},"279":{"start":{"line":428,"column":12},"end":{"line":428,"column":null}},"280":{"start":{"line":429,"column":23},"end":{"line":429,"column":82}},"281":{"start":{"line":430,"column":12},"end":{"line":430,"column":null}},"282":{"start":{"line":431,"column":12},"end":{"line":431,"column":null}},"283":{"start":{"line":432,"column":12},"end":{"line":432,"column":null}},"284":{"start":{"line":437,"column":8},"end":{"line":439,"column":null}},"285":{"start":{"line":438,"column":12},"end":{"line":438,"column":null}},"286":{"start":{"line":441,"column":32},"end":{"line":441,"column":117}},"287":{"start":{"line":442,"column":21},"end":{"line":442,"column":43}},"288":{"start":{"line":444,"column":8},"end":{"line":454,"column":null}},"289":{"start":{"line":444,"column":21},"end":{"line":444,"column":22}},"290":{"start":{"line":445,"column":12},"end":{"line":445,"column":null}},"291":{"start":{"line":446,"column":12},"end":{"line":452,"column":null}},"292":{"start":{"line":447,"column":16},"end":{"line":447,"column":null}},"293":{"start":{"line":448,"column":16},"end":{"line":448,"column":null}},"294":{"start":{"line":449,"column":16},"end":{"line":449,"column":null}},"295":{"start":{"line":451,"column":16},"end":{"line":451,"column":null}},"296":{"start":{"line":453,"column":12},"end":{"line":453,"column":null}},"297":{"start":{"line":458,"column":8},"end":{"line":460,"column":null}},"298":{"start":{"line":459,"column":12},"end":{"line":459,"column":null}},"299":{"start":{"line":464,"column":8},"end":{"line":464,"column":null}},"300":{"start":{"line":468,"column":8},"end":{"line":483,"column":null}},"301":{"start":{"line":469,"column":31},"end":{"line":469,"column":85}},"302":{"start":{"line":471,"column":12},"end":{"line":479,"column":null}},"303":{"start":{"line":471,"column":25},"end":{"line":471,"column":26}},"304":{"start":{"line":472,"column":16},"end":{"line":472,"column":null}},"305":{"start":{"line":473,"column":16},"end":{"line":478,"column":null}},"306":{"start":{"line":474,"column":20},"end":{"line":474,"column":null}},"307":{"start":{"line":475,"column":20},"end":{"line":475,"column":null}},"308":{"start":{"line":476,"column":20},"end":{"line":476,"column":null}},"309":{"start":{"line":477,"column":20},"end":{"line":477,"column":null}},"310":{"start":{"line":480,"column":12},"end":{"line":482,"column":null}},"311":{"start":{"line":481,"column":16},"end":{"line":481,"column":null}},"312":{"start":{"line":484,"column":8},"end":{"line":484,"column":null}},"313":{"start":{"line":488,"column":8},"end":{"line":494,"column":null}},"314":{"start":{"line":489,"column":12},"end":{"line":489,"column":null}},"315":{"start":{"line":491,"column":12},"end":{"line":491,"column":null}},"316":{"start":{"line":492,"column":12},"end":{"line":492,"column":null}},"317":{"start":{"line":493,"column":12},"end":{"line":493,"column":null}}},"fnMap":{"0":{"name":"(anonymous_0)","decl":{"start":{"line":36,"column":43},"end":{"line":36,"column":44}},"loc":{"start":{"line":36,"column":54},"end":{"line":36,"column":148}},"line":36},"1":{"name":"(anonymous_1)","decl":{"start":{"line":37,"column":47},"end":{"line":37,"column":48}},"loc":{"start":{"line":37,"column":58},"end":{"line":37,"column":105}},"line":37},"2":{"name":"(anonymous_2)","decl":{"start":{"line":38,"column":52},"end":{"line":38,"column":53}},"loc":{"start":{"line":38,"column":63},"end":{"line":38,"column":115}},"line":38},"3":{"name":"(anonymous_3)","decl":{"start":{"line":39,"column":47},"end":{"line":39,"column":48}},"loc":{"start":{"line":39,"column":58},"end":{"line":39,"column":105}},"line":39},"4":{"name":"(anonymous_4)","decl":{"start":{"line":45,"column":30},"end":{"line":45,"column":31}},"loc":{"start":{"line":45,"column":48},"end":{"line":45,"column":60}},"line":45},"5":{"name":"(anonymous_5)","decl":{"start":{"line":46,"column":30},"end":{"line":46,"column":31}},"loc":{"start":{"line":46,"column":58},"end":{"line":46,"column":78}},"line":46},"6":{"name":"(anonymous_6)","decl":{"start":{"line":47,"column":31},"end":{"line":47,"column":32}},"loc":{"start":{"line":47,"column":51},"end":{"line":47,"column":59}},"line":47},"7":{"name":"(anonymous_7)","decl":{"start":{"line":48,"column":31},"end":{"line":48,"column":32}},"loc":{"start":{"line":48,"column":58},"end":{"line":48,"column":74}},"line":48},"8":{"name":"(anonymous_8)","decl":{"start":{"line":68,"column":4},"end":{"line":68,"column":15}},"loc":{"start":{"line":68,"column":18},"end":{"line":74,"column":null}},"line":68},"9":{"name":"(anonymous_9)","decl":{"start":{"line":76,"column":4},"end":{"line":76,"column":9}},"loc":{"start":{"line":76,"column":35},"end":{"line":135,"column":null}},"line":76},"10":{"name":"(anonymous_10)","decl":{"start":{"line":137,"column":4},"end":{"line":137,"column":52}},"loc":{"start":{"line":137,"column":55},"end":{"line":192,"column":null}},"line":137},"11":{"name":"(anonymous_11)","decl":{"start":{"line":194,"column":4},"end":{"line":194,"column":27}},"loc":{"start":{"line":194,"column":30},"end":{"line":250,"column":null}},"line":194},"12":{"name":"(anonymous_12)","decl":{"start":{"line":232,"column":37},"end":{"line":232,"column":45}},"loc":{"start":{"line":232,"column":57},"end":{"line":234,"column":17}},"line":232},"13":{"name":"(anonymous_13)","decl":{"start":{"line":242,"column":37},"end":{"line":242,"column":45}},"loc":{"start":{"line":242,"column":57},"end":{"line":244,"column":17}},"line":242},"14":{"name":"(anonymous_14)","decl":{"start":{"line":252,"column":4},"end":{"line":252,"column":26}},"loc":{"start":{"line":252,"column":35},"end":{"line":254,"column":null}},"line":252},"15":{"name":"(anonymous_15)","decl":{"start":{"line":256,"column":4},"end":{"line":256,"column":25}},"loc":{"start":{"line":256,"column":28},"end":{"line":309,"column":null}},"line":256},"16":{"name":"(anonymous_16)","decl":{"start":{"line":311,"column":4},"end":{"line":311,"column":30}},"loc":{"start":{"line":311,"column":33},"end":{"line":325,"column":null}},"line":311},"17":{"name":"(anonymous_17)","decl":{"start":{"line":327,"column":4},"end":{"line":327,"column":47}},"loc":{"start":{"line":327,"column":50},"end":{"line":342,"column":null}},"line":327},"18":{"name":"(anonymous_18)","decl":{"start":{"line":344,"column":4},"end":{"line":344,"column":24}},"loc":{"start":{"line":344,"column":27},"end":{"line":404,"column":null}},"line":344},"19":{"name":"(anonymous_19)","decl":{"start":{"line":406,"column":4},"end":{"line":406,"column":30}},"loc":{"start":{"line":406,"column":40},"end":{"line":411,"column":null}},"line":406},"20":{"name":"(anonymous_20)","decl":{"start":{"line":413,"column":4},"end":{"line":413,"column":18}},"loc":{"start":{"line":413,"column":21},"end":{"line":423,"column":null}},"line":413},"21":{"name":"(anonymous_21)","decl":{"start":{"line":425,"column":4},"end":{"line":425,"column":21}},"loc":{"start":{"line":425,"column":24},"end":{"line":434,"column":null}},"line":425},"22":{"name":"(anonymous_22)","decl":{"start":{"line":436,"column":4},"end":{"line":436,"column":25}},"loc":{"start":{"line":436,"column":28},"end":{"line":455,"column":null}},"line":436},"23":{"name":"(anonymous_23)","decl":{"start":{"line":457,"column":4},"end":{"line":457,"column":26}},"loc":{"start":{"line":457,"column":37},"end":{"line":461,"column":null}},"line":457},"24":{"name":"(anonymous_24)","decl":{"start":{"line":463,"column":4},"end":{"line":463,"column":21}},"loc":{"start":{"line":463,"column":24},"end":{"line":465,"column":null}},"line":463},"25":{"name":"(anonymous_25)","decl":{"start":{"line":467,"column":4},"end":{"line":467,"column":24}},"loc":{"start":{"line":467,"column":27},"end":{"line":485,"column":null}},"line":467},"26":{"name":"(anonymous_26)","decl":{"start":{"line":487,"column":4},"end":{"line":487,"column":27}},"loc":{"start":{"line":487,"column":30},"end":{"line":495,"column":null}},"line":487}},"branchMap":{"0":{"loc":{"start":{"line":36,"column":54},"end":{"line":36,"column":148}},"type":"binary-expr","locations":[{"start":{"line":36,"column":54},"end":{"line":36,"column":99}},{"start":{"line":36,"column":103},"end":{"line":36,"column":148}}],"line":36},"1":{"loc":{"start":{"line":69,"column":8},"end":{"line":71,"column":null}},"type":"if","locations":[{"start":{"line":69,"column":8},"end":{"line":71,"column":null}},{"start":{},"end":{}}],"line":69},"2":{"loc":{"start":{"line":76,"column":19},"end":{"line":76,"column":33}},"type":"default-arg","locations":[{"start":{"line":76,"column":28},"end":{"line":76,"column":33}}],"line":76},"3":{"loc":{"start":{"line":77,"column":8},"end":{"line":95,"column":null}},"type":"if","locations":[{"start":{"line":77,"column":8},"end":{"line":95,"column":null}},{"start":{},"end":{}}],"line":77},"4":{"loc":{"start":{"line":88,"column":12},"end":{"line":92,"column":null}},"type":"if","locations":[{"start":{"line":88,"column":12},"end":{"line":92,"column":null}},{"start":{"line":90,"column":19},"end":{"line":92,"column":null}}],"line":88},"5":{"loc":{"start":{"line":108,"column":8},"end":{"line":117,"column":null}},"type":"if","locations":[{"start":{"line":108,"column":8},"end":{"line":117,"column":null}},{"start":{"line":113,"column":15},"end":{"line":117,"column":null}}],"line":108},"6":{"loc":{"start":{"line":122,"column":37},"end":{"line":124,"column":null}},"type":"cond-expr","locations":[{"start":{"line":123,"column":18},"end":{"line":123,"column":null}},{"start":{"line":124,"column":18},"end":{"line":124,"column":null}}],"line":122},"7":{"loc":{"start":{"line":122,"column":37},"end":{"line":122,"column":null}},"type":"binary-expr","locations":[{"start":{"line":122,"column":37},"end":{"line":122,"column":74}},{"start":{"line":122,"column":78},"end":{"line":122,"column":null}}],"line":122},"8":{"loc":{"start":{"line":124,"column":36},"end":{"line":124,"column":68}},"type":"cond-expr","locations":[{"start":{"line":124,"column":48},"end":{"line":124,"column":58}},{"start":{"line":124,"column":61},"end":{"line":124,"column":68}}],"line":124},"9":{"loc":{"start":{"line":126,"column":35},"end":{"line":126,"column":76}},"type":"cond-expr","locations":[{"start":{"line":126,"column":47},"end":{"line":126,"column":51}},{"start":{"line":126,"column":54},"end":{"line":126,"column":76}}],"line":126},"10":{"loc":{"start":{"line":153,"column":12},"end":{"line":190,"column":null}},"type":"if","locations":[{"start":{"line":153,"column":12},"end":{"line":190,"column":null}},{"start":{},"end":{}}],"line":153},"11":{"loc":{"start":{"line":153,"column":16},"end":{"line":153,"column":39}},"type":"binary-expr","locations":[{"start":{"line":153,"column":16},"end":{"line":153,"column":21}},{"start":{"line":153,"column":25},"end":{"line":153,"column":30}},{"start":{"line":153,"column":34},"end":{"line":153,"column":39}}],"line":153},"12":{"loc":{"start":{"line":157,"column":16},"end":{"line":162,"column":null}},"type":"if","locations":[{"start":{"line":157,"column":16},"end":{"line":162,"column":null}},{"start":{},"end":{}}],"line":157},"13":{"loc":{"start":{"line":164,"column":16},"end":{"line":168,"column":null}},"type":"if","locations":[{"start":{"line":164,"column":16},"end":{"line":168,"column":null}},{"start":{},"end":{}}],"line":164},"14":{"loc":{"start":{"line":169,"column":16},"end":{"line":182,"column":null}},"type":"if","locations":[{"start":{"line":169,"column":16},"end":{"line":182,"column":null}},{"start":{},"end":{}}],"line":169},"15":{"loc":{"start":{"line":170,"column":20},"end":{"line":181,"column":null}},"type":"if","locations":[{"start":{"line":170,"column":20},"end":{"line":181,"column":null}},{"start":{"line":174,"column":27},"end":{"line":181,"column":null}}],"line":170},"16":{"loc":{"start":{"line":183,"column":16},"end":{"line":185,"column":null}},"type":"if","locations":[{"start":{"line":183,"column":16},"end":{"line":185,"column":null}},{"start":{},"end":{}}],"line":183},"17":{"loc":{"start":{"line":187,"column":16},"end":{"line":189,"column":null}},"type":"if","locations":[{"start":{"line":187,"column":16},"end":{"line":189,"column":null}},{"start":{},"end":{}}],"line":187},"18":{"loc":{"start":{"line":196,"column":8},"end":{"line":203,"column":null}},"type":"if","locations":[{"start":{"line":196,"column":8},"end":{"line":203,"column":null}},{"start":{"line":200,"column":15},"end":{"line":203,"column":null}}],"line":196},"19":{"loc":{"start":{"line":205,"column":8},"end":{"line":208,"column":null}},"type":"if","locations":[{"start":{"line":205,"column":8},"end":{"line":208,"column":null}},{"start":{},"end":{}}],"line":205},"20":{"loc":{"start":{"line":210,"column":8},"end":{"line":249,"column":null}},"type":"if","locations":[{"start":{"line":210,"column":8},"end":{"line":249,"column":null}},{"start":{"line":223,"column":15},"end":{"line":249,"column":null}}],"line":210},"21":{"loc":{"start":{"line":211,"column":12},"end":{"line":219,"column":null}},"type":"if","locations":[{"start":{"line":211,"column":12},"end":{"line":219,"column":null}},{"start":{},"end":{}}],"line":211},"22":{"loc":{"start":{"line":211,"column":16},"end":{"line":211,"column":129}},"type":"binary-expr","locations":[{"start":{"line":211,"column":16},"end":{"line":211,"column":62}},{"start":{"line":211,"column":66},"end":{"line":211,"column":129}}],"line":211},"23":{"loc":{"start":{"line":213,"column":16},"end":{"line":218,"column":null}},"type":"if","locations":[{"start":{"line":213,"column":16},"end":{"line":218,"column":null}},{"start":{"line":216,"column":23},"end":{"line":218,"column":null}}],"line":213},"24":{"loc":{"start":{"line":227,"column":12},"end":{"line":236,"column":null}},"type":"if","locations":[{"start":{"line":227,"column":12},"end":{"line":236,"column":null}},{"start":{},"end":{}}],"line":227},"25":{"loc":{"start":{"line":240,"column":12},"end":{"line":246,"column":null}},"type":"if","locations":[{"start":{"line":240,"column":12},"end":{"line":246,"column":null}},{"start":{},"end":{}}],"line":240},"26":{"loc":{"start":{"line":253,"column":15},"end":{"line":253,"column":90}},"type":"binary-expr","locations":[{"start":{"line":253,"column":15},"end":{"line":253,"column":41}},{"start":{"line":253,"column":45},"end":{"line":253,"column":66}},{"start":{"line":253,"column":69},"end":{"line":253,"column":90}}],"line":253},"27":{"loc":{"start":{"line":266,"column":12},"end":{"line":304,"column":null}},"type":"if","locations":[{"start":{"line":266,"column":12},"end":{"line":304,"column":null}},{"start":{"line":275,"column":19},"end":{"line":304,"column":null}}],"line":266},"28":{"loc":{"start":{"line":268,"column":16},"end":{"line":274,"column":null}},"type":"if","locations":[{"start":{"line":268,"column":16},"end":{"line":274,"column":null}},{"start":{"line":272,"column":23},"end":{"line":274,"column":null}}],"line":268},"29":{"loc":{"start":{"line":268,"column":20},"end":{"line":269,"column":83}},"type":"binary-expr","locations":[{"start":{"line":268,"column":21},"end":{"line":268,"column":65}},{"start":{"line":268,"column":69},"end":{"line":268,"column":113}},{"start":{"line":269,"column":23},"end":{"line":269,"column":83}}],"line":268},"30":{"loc":{"start":{"line":275,"column":19},"end":{"line":304,"column":null}},"type":"if","locations":[{"start":{"line":275,"column":19},"end":{"line":304,"column":null}},{"start":{"line":297,"column":19},"end":{"line":304,"column":null}}],"line":275},"31":{"loc":{"start":{"line":279,"column":16},"end":{"line":283,"column":null}},"type":"if","locations":[{"start":{"line":279,"column":16},"end":{"line":283,"column":null}},{"start":{"line":281,"column":23},"end":{"line":283,"column":null}}],"line":279},"32":{"loc":{"start":{"line":279,"column":21},"end":{"line":279,"column":81}},"type":"binary-expr","locations":[{"start":{"line":279,"column":21},"end":{"line":279,"column":49}},{"start":{"line":279,"column":53},"end":{"line":279,"column":81}}],"line":279},"33":{"loc":{"start":{"line":285,"column":16},"end":{"line":287,"column":null}},"type":"if","locations":[{"start":{"line":285,"column":16},"end":{"line":287,"column":null}},{"start":{},"end":{}}],"line":285},"34":{"loc":{"start":{"line":288,"column":41},"end":{"line":290,"column":null}},"type":"cond-expr","locations":[{"start":{"line":289,"column":22},"end":{"line":289,"column":null}},{"start":{"line":290,"column":22},"end":{"line":290,"column":null}}],"line":288},"35":{"loc":{"start":{"line":292,"column":16},"end":{"line":296,"column":null}},"type":"if","locations":[{"start":{"line":292,"column":16},"end":{"line":296,"column":null}},{"start":{"line":294,"column":23},"end":{"line":296,"column":null}}],"line":292},"36":{"loc":{"start":{"line":297,"column":19},"end":{"line":304,"column":null}},"type":"if","locations":[{"start":{"line":297,"column":19},"end":{"line":304,"column":null}},{"start":{"line":302,"column":19},"end":{"line":304,"column":null}}],"line":297},"37":{"loc":{"start":{"line":298,"column":16},"end":{"line":300,"column":null}},"type":"if","locations":[{"start":{"line":298,"column":16},"end":{"line":300,"column":null}},{"start":{},"end":{}}],"line":298},"38":{"loc":{"start":{"line":308,"column":38},"end":{"line":308,"column":81}},"type":"cond-expr","locations":[{"start":{"line":308,"column":58},"end":{"line":308,"column":62}},{"start":{"line":308,"column":65},"end":{"line":308,"column":81}}],"line":308},"39":{"loc":{"start":{"line":314,"column":8},"end":{"line":322,"column":null}},"type":"if","locations":[{"start":{"line":314,"column":8},"end":{"line":322,"column":null}},{"start":{},"end":{}}],"line":314},"40":{"loc":{"start":{"line":318,"column":16},"end":{"line":320,"column":null}},"type":"if","locations":[{"start":{"line":318,"column":16},"end":{"line":320,"column":null}},{"start":{},"end":{}}],"line":318},"41":{"loc":{"start":{"line":318,"column":20},"end":{"line":318,"column":115}},"type":"binary-expr","locations":[{"start":{"line":318,"column":20},"end":{"line":318,"column":57}},{"start":{"line":318,"column":61},"end":{"line":318,"column":115}}],"line":318},"42":{"loc":{"start":{"line":328,"column":8},"end":{"line":340,"column":null}},"type":"if","locations":[{"start":{"line":328,"column":8},"end":{"line":340,"column":null}},{"start":{},"end":{}}],"line":328},"43":{"loc":{"start":{"line":335,"column":12},"end":{"line":339,"column":null}},"type":"if","locations":[{"start":{"line":335,"column":12},"end":{"line":339,"column":null}},{"start":{"line":337,"column":19},"end":{"line":339,"column":null}}],"line":335},"44":{"loc":{"start":{"line":335,"column":16},"end":{"line":335,"column":100}},"type":"binary-expr","locations":[{"start":{"line":335,"column":16},"end":{"line":335,"column":60}},{"start":{"line":335,"column":63},"end":{"line":335,"column":100}}],"line":335},"45":{"loc":{"start":{"line":353,"column":12},"end":{"line":356,"column":null}},"type":"if","locations":[{"start":{"line":353,"column":12},"end":{"line":356,"column":null}},{"start":{},"end":{}}],"line":353},"46":{"loc":{"start":{"line":361,"column":16},"end":{"line":373,"column":null}},"type":"if","locations":[{"start":{"line":361,"column":16},"end":{"line":373,"column":null}},{"start":{"line":370,"column":23},"end":{"line":373,"column":null}}],"line":361},"47":{"loc":{"start":{"line":362,"column":20},"end":{"line":369,"column":null}},"type":"if","locations":[{"start":{"line":362,"column":20},"end":{"line":369,"column":null}},{"start":{"line":367,"column":27},"end":{"line":369,"column":null}}],"line":362},"48":{"loc":{"start":{"line":362,"column":24},"end":{"line":362,"column":125}},"type":"binary-expr","locations":[{"start":{"line":362,"column":24},"end":{"line":362,"column":66}},{"start":{"line":362,"column":70},"end":{"line":362,"column":125}}],"line":362},"49":{"loc":{"start":{"line":376,"column":12},"end":{"line":379,"column":null}},"type":"if","locations":[{"start":{"line":376,"column":12},"end":{"line":379,"column":null}},{"start":{},"end":{}}],"line":376},"50":{"loc":{"start":{"line":384,"column":16},"end":{"line":386,"column":null}},"type":"if","locations":[{"start":{"line":384,"column":16},"end":{"line":386,"column":null}},{"start":{},"end":{}}],"line":384},"51":{"loc":{"start":{"line":391,"column":16},"end":{"line":393,"column":null}},"type":"if","locations":[{"start":{"line":391,"column":16},"end":{"line":393,"column":null}},{"start":{},"end":{}}],"line":391},"52":{"loc":{"start":{"line":407,"column":8},"end":{"line":409,"column":null}},"type":"if","locations":[{"start":{"line":407,"column":8},"end":{"line":409,"column":null}},{"start":{},"end":{}}],"line":407},"53":{"loc":{"start":{"line":414,"column":8},"end":{"line":422,"column":null}},"type":"if","locations":[{"start":{"line":414,"column":8},"end":{"line":422,"column":null}},{"start":{},"end":{}}],"line":414},"54":{"loc":{"start":{"line":416,"column":12},"end":{"line":421,"column":null}},"type":"if","locations":[{"start":{"line":416,"column":12},"end":{"line":421,"column":null}},{"start":{},"end":{}}],"line":416},"55":{"loc":{"start":{"line":416,"column":16},"end":{"line":416,"column":126}},"type":"binary-expr","locations":[{"start":{"line":416,"column":16},"end":{"line":416,"column":64}},{"start":{"line":416,"column":68},"end":{"line":416,"column":126}}],"line":416},"56":{"loc":{"start":{"line":426,"column":8},"end":{"line":433,"column":null}},"type":"if","locations":[{"start":{"line":426,"column":8},"end":{"line":433,"column":null}},{"start":{},"end":{}}],"line":426},"57":{"loc":{"start":{"line":426,"column":12},"end":{"line":426,"column":131}},"type":"binary-expr","locations":[{"start":{"line":426,"column":12},"end":{"line":426,"column":53}},{"start":{"line":426,"column":57},"end":{"line":426,"column":131}}],"line":426},"58":{"loc":{"start":{"line":437,"column":8},"end":{"line":439,"column":null}},"type":"if","locations":[{"start":{"line":437,"column":8},"end":{"line":439,"column":null}},{"start":{},"end":{}}],"line":437},"59":{"loc":{"start":{"line":446,"column":12},"end":{"line":452,"column":null}},"type":"if","locations":[{"start":{"line":446,"column":12},"end":{"line":452,"column":null}},{"start":{"line":450,"column":19},"end":{"line":452,"column":null}}],"line":446},"60":{"loc":{"start":{"line":458,"column":8},"end":{"line":460,"column":null}},"type":"if","locations":[{"start":{"line":458,"column":8},"end":{"line":460,"column":null}},{"start":{},"end":{}}],"line":458},"61":{"loc":{"start":{"line":458,"column":12},"end":{"line":458,"column":74}},"type":"binary-expr","locations":[{"start":{"line":458,"column":12},"end":{"line":458,"column":34}},{"start":{"line":458,"column":38},"end":{"line":458,"column":74}}],"line":458},"62":{"loc":{"start":{"line":468,"column":8},"end":{"line":483,"column":null}},"type":"if","locations":[{"start":{"line":468,"column":8},"end":{"line":483,"column":null}},{"start":{},"end":{}}],"line":468},"63":{"loc":{"start":{"line":473,"column":16},"end":{"line":478,"column":null}},"type":"if","locations":[{"start":{"line":473,"column":16},"end":{"line":478,"column":null}},{"start":{},"end":{}}],"line":473},"64":{"loc":{"start":{"line":480,"column":12},"end":{"line":482,"column":null}},"type":"if","locations":[{"start":{"line":480,"column":12},"end":{"line":482,"column":null}},{"start":{},"end":{}}],"line":480},"65":{"loc":{"start":{"line":480,"column":15},"end":{"line":480,"column":123}},"type":"binary-expr","locations":[{"start":{"line":480,"column":15},"end":{"line":480,"column":52}},{"start":{"line":480,"column":56},"end":{"line":480,"column":123}}],"line":480}},"s":{"0":1,"1":1,"2":1,"3":1,"4":1,"5":1,"6":1,"7":1,"8":1,"9":1,"10":1,"11":1,"12":1,"13":1,"14":1,"15":1,"16":1,"17":1,"18":102,"19":1,"20":102,"21":1,"22":2,"23":1,"24":102,"25":1,"26":1,"27":1,"28":1,"29":104,"30":1,"31":101,"32":1,"33":7,"34":1,"35":7,"36":22,"37":22,"38":22,"39":22,"40":22,"41":22,"42":22,"43":1,"44":22,"45":22,"46":22,"47":22,"48":22,"49":22,"50":0,"51":22,"52":22,"53":80,"54":20,"55":20,"56":20,"57":20,"58":20,"59":20,"60":20,"61":20,"62":20,"63":20,"64":20,"65":19,"66":0,"67":19,"68":19,"69":60,"70":60,"71":60,"72":60,"73":60,"74":60,"75":60,"76":52,"77":52,"78":52,"79":52,"80":8,"81":8,"82":8,"83":60,"84":60,"85":109,"86":109,"87":109,"88":109,"89":109,"90":109,"91":59,"92":59,"93":59,"94":59,"95":52,"96":52,"97":52,"98":102,"99":102,"100":102,"101":102,"102":102,"103":9,"104":9,"105":9,"106":2,"107":2,"108":2,"109":2,"110":9,"111":6,"112":6,"113":6,"114":9,"115":2,"116":1,"117":1,"118":1,"119":1,"120":1,"121":1,"122":1,"123":1,"124":1,"125":9,"126":6,"127":9,"128":9,"129":0,"130":197,"131":197,"132":63,"133":63,"134":63,"135":134,"136":134,"137":134,"138":13,"139":13,"140":121,"141":61,"142":7,"143":7,"144":0,"145":0,"146":7,"147":61,"148":61,"149":61,"150":60,"151":60,"152":60,"153":52,"154":52,"155":52,"156":52,"157":52,"158":0,"159":52,"160":60,"161":60,"162":51,"163":51,"164":0,"165":51,"166":59,"167":59,"168":136,"169":7,"170":7,"171":7,"172":7,"173":7,"174":7,"175":266,"176":266,"177":15,"178":15,"179":6,"180":6,"181":9,"182":251,"183":9,"184":9,"185":9,"186":9,"187":0,"188":9,"189":9,"190":9,"191":0,"192":9,"193":9,"194":7,"195":2,"196":242,"197":148,"198":7,"199":148,"200":94,"201":7,"202":7,"203":52,"204":52,"205":2,"206":2,"207":2,"208":2,"209":0,"210":0,"211":0,"212":52,"213":70,"214":39,"215":39,"216":39,"217":39,"218":39,"219":39,"220":39,"221":0,"222":38,"223":69,"224":47,"225":47,"226":47,"227":47,"228":47,"229":47,"230":47,"231":1,"232":1,"233":47,"234":47,"235":47,"236":49,"237":49,"238":48,"239":1,"240":1,"241":1,"242":1,"243":47,"244":0,"245":0,"246":46,"247":45,"248":45,"249":1,"250":1,"251":1,"252":1,"253":1,"254":1,"255":1,"256":1,"257":1,"258":1,"259":1,"260":0,"261":1,"262":1,"263":1,"264":1,"265":1,"266":1,"267":51,"268":1,"269":50,"270":52,"271":2,"272":2,"273":2,"274":2,"275":2,"276":2,"277":52,"278":1,"279":1,"280":1,"281":1,"282":1,"283":1,"284":52,"285":46,"286":6,"287":6,"288":6,"289":6,"290":7,"291":7,"292":0,"293":0,"294":0,"295":7,"296":7,"297":89,"298":3,"299":3,"300":51,"301":2,"302":2,"303":2,"304":0,"305":0,"306":0,"307":0,"308":0,"309":0,"310":2,"311":2,"312":51,"313":2,"314":2,"315":0,"316":0,"317":0},"f":{"0":102,"1":102,"2":2,"3":102,"4":104,"5":101,"6":7,"7":7,"8":22,"9":80,"10":52,"11":197,"12":0,"13":0,"14":136,"15":7,"16":52,"17":70,"18":47,"19":51,"20":52,"21":52,"22":52,"23":89,"24":3,"25":51,"26":2},"b":{"0":[102,2],"1":[0,22],"2":[80],"3":[20,60],"4":[19,0],"5":[52,8],"6":[36,73],"7":[109,80],"8":[67,6],"9":[102,7],"10":[9,93],"11":[102,100,98],"12":[2,7],"13":[6,3],"14":[2,7],"15":[1,1],"16":[6,3],"17":[0,9],"18":[63,134],"19":[13,121],"20":[61,60],"21":[7,54],"22":[61,61],"23":[0,7],"24":[52,8],"25":[51,9],"26":[136,73,65],"27":[15,251],"28":[6,9],"29":[15,12,6],"30":[9,242],"31":[0,9],"32":[9,1],"33":[0,9],"34":[9,0],"35":[7,2],"36":[148,94],"37":[7,141],"38":[1,6],"39":[2,50],"40":[0,0],"41":[0,0],"42":[39,31],"43":[0,38],"44":[39,0],"45":[1,46],"46":[48,0],"47":[1,47],"48":[48,46],"49":[45,1],"50":[1,0],"51":[0,1],"52":[1,50],"53":[2,50],"54":[2,0],"55":[2,2],"56":[1,51],"57":[52,52],"58":[46,6],"59":[0,7],"60":[3,86],"61":[89,89],"62":[2,49],"63":[0,0],"64":[2,0],"65":[2,2]},"meta":{"lastBranch":66,"lastFunction":27,"lastStatement":318,"seen":{"s:16:42:16:Infinity":0,"s:17:42:17:Infinity":1,"s:18:44:18:Infinity":2,"s:19:45:19:Infinity":3,"s:20:50:20:Infinity":4,"s:21:45:21:Infinity":5,"s:22:39:22:Infinity":6,"s:23:41:23:Infinity":7,"s:24:46:24:Infinity":8,"s:26:42:26:Infinity":9,"s:27:44:27:Infinity":10,"s:28:51:28:Infinity":11,"s:29:51:29:Infinity":12,"s:31:44:31:Infinity":13,"s:32:49:32:Infinity":14,"s:33:51:33:Infinity":15,"s:34:44:34:Infinity":16,"s:36:43:36:Infinity":17,"f:36:43:36:44":0,"s:36:54:36:148":18,"b:36:54:36:99:36:103:36:148":0,"s:37:47:37:Infinity":19,"f:37:47:37:48":1,"s:37:58:37:105":20,"s:38:52:38:Infinity":21,"f:38:52:38:53":2,"s:38:63:38:115":22,"s:39:47:39:Infinity":23,"f:39:47:39:48":3,"s:39:58:39:105":24,"s:41:50:41:Infinity":25,"s:42:54:42:Infinity":26,"s:43:54:43:Infinity":27,"s:45:30:45:60":28,"f:45:30:45:31":4,"s:45:48:45:60":29,"s:46:30:46:78":30,"f:46:30:46:31":5,"s:46:58:46:78":31,"s:47:31:47:59":32,"f:47:31:47:32":6,"s:47:51:47:59":33,"s:48:31:48:74":34,"f:48:31:48:32":7,"s:48:58:48:74":35,"s:51:11:51:20":36,"s:52:14:52:23":37,"s:53:21:53:30":38,"s:54:20:54:29":39,"s:55:21:55:30":40,"s:56:18:56:27":41,"s:57:18:57:20":42,"s:61:21:61:22":43,"s:62:9:62:33":44,"s:63:12:63:40":45,"s:64:13:64:43":46,"s:65:12:65:31":47,"s:66:10:66:31":48,"f:68:4:68:15":8,"b:69:8:71:Infinity:undefined:undefined:undefined:undefined":1,"s:69:8:71:Infinity":49,"s:70:12:70:Infinity":50,"s:72:8:72:Infinity":51,"s:73:8:73:Infinity":52,"f:76:4:76:9":9,"b:76:28:76:33":2,"b:77:8:95:Infinity:undefined:undefined:undefined:undefined":3,"s:77:8:95:Infinity":53,"s:78:12:78:Infinity":54,"s:79:12:79:Infinity":55,"s:80:12:80:Infinity":56,"s:81:12:81:Infinity":57,"s:82:12:82:Infinity":58,"s:83:12:83:Infinity":59,"s:84:12:84:Infinity":60,"s:85:12:85:Infinity":61,"s:86:12:86:Infinity":62,"s:87:12:87:Infinity":63,"b:88:12:92:Infinity:90:19:92:Infinity":4,"s:88:12:92:Infinity":64,"s:89:16:89:Infinity":65,"s:91:16:91:Infinity":66,"s:93:12:93:Infinity":67,"s:94:12:94:Infinity":68,"s:96:8:96:Infinity":69,"s:97:8:97:Infinity":70,"s:98:8:98:Infinity":71,"s:100:23:100:45":72,"s:101:26:101:46":73,"s:102:29:102:52":74,"b:108:8:117:Infinity:113:15:117:Infinity":5,"s:108:8:117:Infinity":75,"s:109:12:109:Infinity":76,"s:110:12:110:Infinity":77,"s:111:12:111:Infinity":78,"s:112:12:112:Infinity":79,"s:114:12:114:Infinity":80,"s:115:12:115:Infinity":81,"s:116:12:116:Infinity":82,"s:119:8:129:Infinity":83,"s:119:21:119:22":84,"s:120:12:120:Infinity":85,"s:121:12:121:Infinity":86,"s:122:12:125:Infinity":87,"b:123:18:123:Infinity:124:18:124:Infinity":6,"b:122:37:122:74:122:78:122:Infinity":7,"b:124:48:124:58:124:61:124:68":8,"s:126:12:126:Infinity":88,"b:126:47:126:51:126:54:126:76":9,"s:127:12:127:Infinity":89,"s:128:12:128:Infinity":90,"s:131:8:131:Infinity":91,"s:132:8:132:Infinity":92,"s:133:8:133:Infinity":93,"s:134:8:134:Infinity":94,"f:137:4:137:52":10,"s:138:20:138:49":95,"s:148:8:191:Infinity":96,"s:148:21:148:22":97,"s:149:12:149:Infinity":98,"s:150:12:150:Infinity":99,"s:151:12:151:Infinity":100,"s:152:12:152:Infinity":101,"b:153:12:190:Infinity:undefined:undefined:undefined:undefined":10,"s:153:12:190:Infinity":102,"b:153:16:153:21:153:25:153:30:153:34:153:39":11,"s:154:16:154:Infinity":103,"s:155:16:155:Infinity":104,"b:157:16:162:Infinity:undefined:undefined:undefined:undefined":12,"s:157:16:162:Infinity":105,"s:158:20:158:Infinity":106,"s:159:20:159:Infinity":107,"s:160:20:160:Infinity":108,"s:161:20:161:Infinity":109,"b:164:16:168:Infinity:undefined:undefined:undefined:undefined":13,"s:164:16:168:Infinity":110,"s:165:20:165:Infinity":111,"s:166:20:166:Infinity":112,"s:167:20:167:Infinity":113,"b:169:16:182:Infinity:undefined:undefined:undefined:undefined":14,"s:169:16:182:Infinity":114,"b:170:20:181:Infinity:174:27:181:Infinity":15,"s:170:20:181:Infinity":115,"s:171:24:171:Infinity":116,"s:172:24:172:Infinity":117,"s:173:24:173:Infinity":118,"s:175:24:175:Infinity":119,"s:176:24:176:Infinity":120,"s:177:36:177:55":121,"s:178:24:178:Infinity":122,"s:179:24:179:Infinity":123,"s:180:24:180:Infinity":124,"b:183:16:185:Infinity:undefined:undefined:undefined:undefined":16,"s:183:16:185:Infinity":125,"s:184:20:184:Infinity":126,"s:186:16:186:Infinity":127,"b:187:16:189:Infinity:undefined:undefined:undefined:undefined":17,"s:187:16:189:Infinity":128,"s:188:20:188:Infinity":129,"f:194:4:194:27":11,"s:195:8:195:Infinity":130,"b:196:8:203:Infinity:200:15:203:Infinity":18,"s:196:8:203:Infinity":131,"s:197:12:197:Infinity":132,"s:198:12:198:Infinity":133,"s:199:12:199:Infinity":134,"s:201:12:201:Infinity":135,"s:202:12:202:Infinity":136,"b:205:8:208:Infinity:undefined:undefined:undefined:undefined":19,"s:205:8:208:Infinity":137,"s:206:12:206:Infinity":138,"s:207:12:207:Infinity":139,"b:210:8:249:Infinity:223:15:249:Infinity":20,"s:210:8:249:Infinity":140,"b:211:12:219:Infinity:undefined:undefined:undefined:undefined":21,"s:211:12:219:Infinity":141,"b:211:16:211:62:211:66:211:129":22,"s:212:16:212:Infinity":142,"b:213:16:218:Infinity:216:23:218:Infinity":23,"s:213:16:218:Infinity":143,"s:214:20:214:Infinity":144,"s:215:20:215:Infinity":145,"s:217:20:217:Infinity":146,"s:220:21:220:71":147,"s:221:12:221:Infinity":148,"s:222:12:222:Infinity":149,"s:225:33:225:56":150,"s:226:27:226:64":151,"b:227:12:236:Infinity:undefined:undefined:undefined:undefined":24,"s:227:12:236:Infinity":152,"s:228:16:228:38":153,"s:229:16:229:Infinity":154,"s:230:16:230:Infinity":155,"s:231:16:231:Infinity":156,"s:232:16:234:Infinity":157,"f:232:37:232:45":12,"s:233:19:233:Infinity":158,"s:235:16:235:Infinity":159,"s:238:12:238:Infinity":160,"b:240:12:246:Infinity:undefined:undefined:undefined:undefined":25,"s:240:12:246:Infinity":161,"s:241:16:241:Infinity":162,"s:242:16:244:Infinity":163,"f:242:37:242:45":13,"s:243:19:243:Infinity":164,"s:245:16:245:Infinity":165,"s:247:12:247:Infinity":166,"s:248:12:248:Infinity":167,"f:252:4:252:26":14,"s:253:8:253:Infinity":168,"b:253:15:253:41:253:45:253:66:253:69:253:90":26,"f:256:4:256:25":15,"s:257:17:257:19":169,"s:258:18:258:40":170,"s:259:23:259:25":171,"s:260:19:260:21":172,"s:264:8:305:Infinity":173,"s:264:21:264:22":174,"s:265:12:265:Infinity":175,"b:266:12:304:Infinity:275:19:304:Infinity":27,"s:266:12:304:Infinity":176,"s:267:16:267:Infinity":177,"b:268:16:274:Infinity:272:23:274:Infinity":28,"s:268:16:274:Infinity":178,"b:268:21:268:65:268:69:268:113:269:23:269:83":29,"s:270:20:270:Infinity":179,"s:271:20:271:Infinity":180,"s:273:20:273:Infinity":181,"b:275:19:304:Infinity:297:19:304:Infinity":30,"s:275:19:304:Infinity":182,"s:276:16:276:Infinity":183,"s:277:16:277:Infinity":184,"s:278:16:278:Infinity":185,"b:279:16:283:Infinity:281:23:283:Infinity":31,"s:279:16:283:Infinity":186,"b:279:21:279:49:279:53:279:81":32,"s:280:20:280:Infinity":187,"s:282:20:282:Infinity":188,"s:284:16:284:Infinity":189,"b:285:16:287:Infinity:undefined:undefined:undefined:undefined":33,"s:285:16:287:Infinity":190,"s:286:20:286:Infinity":191,"s:288:16:291:Infinity":192,"b:289:22:289:Infinity:290:22:290:Infinity":34,"b:292:16:296:Infinity:294:23:296:Infinity":35,"s:292:16:296:Infinity":193,"s:293:20:293:Infinity":194,"s:295:20:295:Infinity":195,"b:297:19:304:Infinity:302:19:304:Infinity":36,"s:297:19:304:Infinity":196,"b:298:16:300:Infinity:undefined:undefined:undefined:undefined":37,"s:298:16:300:Infinity":197,"s:299:20:299:Infinity":198,"s:301:16:301:Infinity":199,"s:303:16:303:Infinity":200,"s:307:8:307:Infinity":201,"s:308:8:308:Infinity":202,"b:308:58:308:62:308:65:308:81":38,"f:311:4:311:30":16,"s:312:17:312:19":203,"b:314:8:322:Infinity:undefined:undefined:undefined:undefined":39,"s:314:8:322:Infinity":204,"s:315:23:315:32":205,"s:316:12:321:Infinity":206,"s:316:25:316:26":207,"s:316:34:316:95":208,"s:317:16:317:Infinity":209,"b:318:16:320:Infinity:undefined:undefined:undefined:undefined":40,"s:318:16:320:Infinity":210,"b:318:20:318:57:318:61:318:115":41,"s:319:20:319:Infinity":211,"s:324:8:324:Infinity":212,"f:327:4:327:47":17,"b:328:8:340:Infinity:undefined:undefined:undefined:undefined":42,"s:328:8:340:Infinity":213,"s:329:12:329:Infinity":214,"s:330:12:330:Infinity":215,"s:331:12:331:Infinity":216,"s:332:12:332:Infinity":217,"s:333:12:333:Infinity":218,"s:334:12:334:Infinity":219,"b:335:12:339:Infinity:337:19:339:Infinity":43,"s:335:12:339:Infinity":220,"b:335:16:335:60:335:63:335:100":44,"s:336:15:336:Infinity":221,"s:338:16:338:Infinity":222,"s:341:8:341:Infinity":223,"f:344:4:344:24":18,"s:345:8:403:Infinity":224,"s:346:12:346:Infinity":225,"s:347:37:347:60":226,"s:348:12:348:Infinity":227,"s:349:12:349:Infinity":228,"s:350:36:350:58":229,"b:353:12:356:Infinity:undefined:undefined:undefined:undefined":45,"s:353:12:356:Infinity":230,"s:354:16:354:Infinity":231,"s:355:16:355:Infinity":232,"s:358:33:358:90":233,"s:359:12:374:Infinity":234,"s:359:25:359:26":235,"s:360:16:360:Infinity":236,"b:361:16:373:Infinity:370:23:373:Infinity":46,"s:361:16:373:Infinity":237,"b:362:20:369:Infinity:367:27:369:Infinity":47,"s:362:20:369:Infinity":238,"b:362:24:362:66:362:70:362:125":48,"s:363:36:363:97":239,"s:364:24:364:Infinity":240,"s:365:24:365:Infinity":241,"s:366:24:366:Infinity":242,"s:368:24:368:Infinity":243,"s:371:20:371:Infinity":244,"s:372:20:372:71":245,"b:376:12:379:Infinity:undefined:undefined:undefined:undefined":49,"s:376:12:379:Infinity":246,"s:377:16:377:Infinity":247,"s:378:16:378:Infinity":248,"s:381:23:381:36":249,"s:382:12:394:Infinity":250,"s:382:25:382:26":251,"s:383:16:383:Infinity":252,"b:384:16:386:Infinity:undefined:undefined:undefined:undefined":50,"s:384:16:386:Infinity":253,"s:385:20:385:Infinity":254,"s:387:16:387:Infinity":255,"s:388:16:388:Infinity":256,"s:389:16:389:Infinity":257,"s:390:16:390:Infinity":258,"b:391:16:393:Infinity:undefined:undefined:undefined:undefined":51,"s:391:16:393:Infinity":259,"s:392:20:392:71":260,"s:395:12:395:Infinity":261,"s:397:12:397:Infinity":262,"s:398:12:398:Infinity":263,"s:400:12:400:Infinity":264,"s:401:12:401:Infinity":265,"s:402:12:402:Infinity":266,"f:406:4:406:30":19,"b:407:8:409:Infinity:undefined:undefined:undefined:undefined":52,"s:407:8:409:Infinity":267,"s:408:11:408:Infinity":268,"s:410:8:410:Infinity":269,"f:413:4:413:18":20,"b:414:8:422:Infinity:undefined:undefined:undefined:undefined":53,"s:414:8:422:Infinity":270,"s:415:31:415:85":271,"b:416:12:421:Infinity:undefined:undefined:undefined:undefined":54,"s:416:12:421:Infinity":272,"b:416:16:416:64:416:68:416:126":55,"s:417:16:417:Infinity":273,"s:418:16:418:Infinity":274,"s:419:16:419:Infinity":275,"s:420:16:420:Infinity":276,"f:425:4:425:21":21,"b:426:8:433:Infinity:undefined:undefined:undefined:undefined":56,"s:426:8:433:Infinity":277,"b:426:12:426:53:426:57:426:131":57,"s:427:24:427:43":278,"s:428:12:428:Infinity":279,"s:429:23:429:82":280,"s:430:12:430:Infinity":281,"s:431:12:431:Infinity":282,"s:432:12:432:Infinity":283,"f:436:4:436:25":22,"b:437:8:439:Infinity:undefined:undefined:undefined:undefined":58,"s:437:8:439:Infinity":284,"s:438:12:438:Infinity":285,"s:441:32:441:117":286,"s:442:21:442:43":287,"s:444:8:454:Infinity":288,"s:444:21:444:22":289,"s:445:12:445:Infinity":290,"b:446:12:452:Infinity:450:19:452:Infinity":59,"s:446:12:452:Infinity":291,"s:447:16:447:Infinity":292,"s:448:16:448:Infinity":293,"s:449:16:449:Infinity":294,"s:451:16:451:Infinity":295,"s:453:12:453:Infinity":296,"f:457:4:457:26":23,"b:458:8:460:Infinity:undefined:undefined:undefined:undefined":60,"s:458:8:460:Infinity":297,"b:458:12:458:34:458:38:458:74":61,"s:459:12:459:Infinity":298,"f:463:4:463:21":24,"s:464:8:464:Infinity":299,"f:467:4:467:24":25,"b:468:8:483:Infinity:undefined:undefined:undefined:undefined":62,"s:468:8:483:Infinity":300,"s:469:31:469:85":301,"s:471:12:479:Infinity":302,"s:471:25:471:26":303,"s:472:16:472:Infinity":304,"b:473:16:478:Infinity:undefined:undefined:undefined:undefined":63,"s:473:16:478:Infinity":305,"s:474:20:474:Infinity":306,"s:475:20:475:Infinity":307,"s:476:20:476:Infinity":308,"s:477:20:477:Infinity":309,"b:480:12:482:Infinity:undefined:undefined:undefined:undefined":64,"s:480:12:482:Infinity":310,"b:480:15:480:52:480:56:480:123":65,"s:481:16:481:Infinity":311,"s:484:8:484:Infinity":312,"f:487:4:487:27":26,"s:488:8:494:Infinity":313,"s:489:12:489:Infinity":314,"s:491:12:491:Infinity":315,"s:492:12:492:Infinity":316,"s:493:12:493:Infinity":317}}}
,"/home/ms/work/hawk/rjson-parser/src/js/main/core/RichJsonCache.js": {"path":"/home/ms/work/hawk/rjson-parser/src/js/main/core/RichJsonCache.js","statementMap":{"0":{"start":{"line":2,"column":17},"end":{"line":2,"column":30}},"1":{"start":{"line":3,"column":18},"end":{"line":3,"column":19}},"2":{"start":{"line":5,"column":12},"end":{"line":5,"column":13}},"3":{"start":{"line":6,"column":12},"end":{"line":6,"column":14}},"4":{"start":{"line":14,"column":8},"end":{"line":17,"column":null}},"5":{"start":{"line":15,"column":12},"end":{"line":15,"column":null}},"6":{"start":{"line":16,"column":12},"end":{"line":16,"column":null}},"7":{"start":{"line":18,"column":8},"end":{"line":18,"column":null}}},"fnMap":{"0":{"name":"(anonymous_0)","decl":{"start":{"line":13,"column":4},"end":{"line":13,"column":18}},"loc":{"start":{"line":13,"column":27},"end":{"line":19,"column":null}},"line":13}},"branchMap":{"0":{"loc":{"start":{"line":14,"column":8},"end":{"line":17,"column":null}},"type":"if","locations":[{"start":{"line":14,"column":8},"end":{"line":17,"column":null}},{"start":{},"end":{}}],"line":14}},"s":{"0":68,"1":68,"2":68,"3":68,"4":240,"5":137,"6":137,"7":103},"f":{"0":240},"b":{"0":[137,103]},"meta":{"lastBranch":1,"lastFunction":1,"lastStatement":8,"seen":{"s:2:17:2:30":0,"s:3:18:3:19":1,"s:5:12:5:13":2,"s:6:12:6:14":3,"f:13:4:13:18":0,"b:14:8:17:Infinity:undefined:undefined:undefined:undefined":0,"s:14:8:17:Infinity":4,"s:15:12:15:Infinity":5,"s:16:12:16:Infinity":6,"s:18:8:18:Infinity":7}}}
[...]
ne":4,"column":28},"end":{"line":4,"column":30}},"1":{"start":{"line":10,"column":11},"end":{"line":10,"column":13}},"2":{"start":{"line":11,"column":18},"end":{"line":11,"column":20}},"3":{"start":{"line":12,"column":15},"end":{"line":12,"column":17}},"4":{"start":{"line":13,"column":18},"end":{"line":13,"column":20}},"5":{"start":{"line":14,"column":17},"end":{"line":14,"column":22}},"6":{"start":{"line":17,"column":8},"end":{"line":17,"column":null}},"7":{"start":{"line":32,"column":8},"end":{"line":32,"column":null}},"8":{"start":{"line":33,"column":8},"end":{"line":35,"column":null}},"9":{"start":{"line":34,"column":12},"end":{"line":34,"column":null}},"10":{"start":{"line":36,"column":8},"end":{"line":36,"column":null}},"11":{"start":{"line":51,"column":8},"end":{"line":51,"column":null}},"12":{"start":{"line":52,"column":8},"end":{"line":54,"column":null}},"13":{"start":{"line":53,"column":12},"end":{"line":53,"column":null}},"14":{"start":{"line":55,"column":8},"end":{"line":55,"column":null}},"15":{"start":{"line":59,"column":8},"end":{"line":59,"column":null}},"16":{"start":{"line":60,"column":8},"end":{"line":66,"column":null}},"17":{"start":{"line":61,"column":12},"end":{"line":63,"column":null}},"18":{"start":{"line":62,"column":16},"end":{"line":62,"column":null}},"19":{"start":{"line":64,"column":12},"end":{"line":64,"column":null}},"20":{"start":{"line":65,"column":12},"end":{"line":65,"column":null}},"21":{"start":{"line":67,"column":8},"end":{"line":71,"column":null}},"22":{"start":{"line":68,"column":12},"end":{"line":70,"column":null}},"23":{"start":{"line":69,"column":16},"end":{"line":69,"column":null}},"24":{"start":{"line":72,"column":8},"end":{"line":74,"column":null}},"25":{"start":{"line":73,"column":12},"end":{"line":73,"column":null}},"26":{"start":{"line":78,"column":8},"end":{"line":78,"column":null}},"27":{"start":{"line":79,"column":8},"end":{"line":81,"column":null}},"28":{"start":{"line":80,"column":12},"end":{"line":80,"column":null}},"29":{"start":{"line":82,"column":8},"end":{"line":85,"column":null}},"30":{"start":{"line":83,"column":12},"end":{"line":83,"column":null}},"31":{"start":{"line":84,"column":12},"end":{"line":84,"column":null}},"32":{"start":{"line":95,"column":4},"end":{"line":97,"column":null}},"33":{"start":{"line":96,"column":8},"end":{"line":96,"column":null}},"34":{"start":{"line":98,"column":4},"end":{"line":98,"column":null}},"35":{"start":{"line":99,"column":4},"end":{"line":99,"column":null}},"36":{"start":{"line":107,"column":4},"end":{"line":114,"column":null}},"37":{"start":{"line":108,"column":8},"end":{"line":109,"column":null}},"38":{"start":{"line":109,"column":12},"end":{"line":109,"column":null}},"39":{"start":{"line":110,"column":8},"end":{"line":112,"column":null}},"40":{"start":{"line":111,"column":12},"end":{"line":111,"column":null}},"41":{"start":{"line":113,"column":8},"end":{"line":113,"column":null}},"42":{"start":{"line":123,"column":4},"end":{"line":123,"column":null}},"43":{"start":{"line":131,"column":4},"end":{"line":138,"column":null}},"44":{"start":{"line":132,"column":8},"end":{"line":137,"column":null}},"45":{"start":{"line":133,"column":12},"end":{"line":135,"column":null}},"46":{"start":{"line":134,"column":16},"end":{"line":134,"column":null}},"47":{"start":{"line":136,"column":12},"end":{"line":136,"column":null}},"48":{"start":{"line":146,"column":4},"end":{"line":153,"column":null}},"49":{"start":{"line":147,"column":8},"end":{"line":152,"column":null}},"50":{"start":{"line":148,"column":12},"end":{"line":150,"column":null}},"51":{"start":{"line":149,"column":16},"end":{"line":149,"column":null}},"52":{"start":{"line":151,"column":12},"end":{"line":151,"column":null}}},"fnMap":{"0":{"name":"(anonymous_0)","decl":{"start":{"line":16,"column":4},"end":{"line":16,"column":15}},"loc":{"start":{"line":16,"column":22},"end":{"line":18,"column":null}},"line":16},"1":{"name":"(anonymous_1)","decl":{"start":{"line":31,"column":4},"end":{"line":31,"column":16}},"loc":{"start":{"line":31,"column":50},"end":{"line":37,"column":null}},"line":31},"2":{"name":"(anonymous_2)","decl":{"start":{"line":50,"column":4},"end":{"line":50,"column":14}},"loc":{"start":{"line":50,"column":48},"end":{"line":56,"column":null}},"line":50},"3":{"name":"(anonymous_3)","decl":{"start":{"line":58,"column":4},"end":{"line":58,"column":13}},"loc":{"start":{"line":58,"column":16},"end":{"line":75,"column":null}},"line":58},"4":{"name":"(anonymous_4)","decl":{"start":{"line":60,"column":46},"end":{"line":60,"column":47}},"loc":{"start":{"line":60,"column":64},"end":{"line":66,"column":9}},"line":60},"5":{"name":"(anonymous_5)","decl":{"start":{"line":67,"column":33},"end":{"line":67,"column":34}},"loc":{"start":{"line":67,"column":43},"end":{"line":71,"column":9}},"line":67},"6":{"name":"(anonymous_6)","decl":{"start":{"line":72,"column":49},"end":{"line":72,"column":50}},"loc":{"start":{"line":72,"column":70},"end":{"line":74,"column":9}},"line":72},"7":{"name":"(anonymous_7)","decl":{"start":{"line":77,"column":4},"end":{"line":77,"column":13}},"loc":{"start":{"line":77,"column":16},"end":{"line":86,"column":null}},"line":77},"8":{"name":"(anonymous_8)","decl":{"start":{"line":79,"column":49},"end":{"line":79,"column":50}},"loc":{"start":{"line":79,"column":61},"end":{"line":81,"column":9}},"line":79},"9":{"name":"(anonymous_9)","decl":{"start":{"line":82,"column":46},"end":{"line":82,"column":47}},"loc":{"start":{"line":82,"column":58},"end":{"line":85,"column":9}},"line":82},"10":{"name":"registerModule","decl":{"start":{"line":94,"column":16},"end":{"line":94,"column":30}},"loc":{"start":{"line":94,"column":39},"end":{"line":100,"column":null}},"line":94},"11":{"name":"unregisterModule","decl":{"start":{"line":106,"column":16},"end":{"line":106,"column":32}},"loc":{"start":{"line":106,"column":39},"end":{"line":115,"column":null}},"line":106},"12":{"name":"isModuleRegistered","decl":{"start":{"line":122,"column":16},"end":{"line":122,"column":34}},"loc":{"start":{"line":122,"column":41},"end":{"line":124,"column":null}},"line":122},"13":{"name":"includeModule","decl":{"start":{"line":130,"column":16},"end":{"line":130,"column":29}},"loc":{"start":{"line":130,"column":36},"end":{"line":139,"column":null}},"line":130},"14":{"name":"excludeModule","decl":{"start":{"line":145,"column":16},"end":{"line":145,"column":29}},"loc":{"start":{"line":145,"column":36},"end":{"line":154,"column":null}},"line":145}},"branchMap":{"0":{"loc":{"start":{"line":31,"column":29},"end":{"line":31,"column":48}},"type":"default-arg","locations":[{"start":{"line":31,"column":39},"end":{"line":31,"column":48}}],"line":31},"1":{"loc":{"start":{"line":33,"column":8},"end":{"line":35,"column":null}},"type":"if","locations":[{"start":{"line":33,"column":8},"end":{"line":35,"column":null}},{"start":{},"end":{}}],"line":33},"2":{"loc":{"start":{"line":50,"column":27},"end":{"line":50,"column":46}},"type":"default-arg","locations":[{"start":{"line":50,"column":37},"end":{"line":50,"column":46}}],"line":50},"3":{"loc":{"start":{"line":52,"column":8},"end":{"line":54,"column":null}},"type":"if","locations":[{"start":{"line":52,"column":8},"end":{"line":54,"column":null}},{"start":{},"end":{}}],"line":52},"4":{"loc":{"start":{"line":61,"column":12},"end":{"line":63,"column":null}},"type":"if","locations":[{"start":{"line":61,"column":12},"end":{"line":63,"column":null}},{"start":{},"end":{}}],"line":61},"5":{"loc":{"start":{"line":68,"column":12},"end":{"line":70,"column":null}},"type":"if","locations":[{"start":{"line":68,"column":12},"end":{"line":70,"column":null}},{"start":{},"end":{}}],"line":68},"6":{"loc":{"start":{"line":95,"column":4},"end":{"line":97,"column":null}},"type":"if","locations":[{"start":{"line":95,"column":4},"end":{"line":97,"column":null}},{"start":{},"end":{}}],"line":95},"7":{"loc":{"start":{"line":107,"column":4},"end":{"line":114,"column":null}},"type":"if","locations":[{"start":{"line":107,"column":4},"end":{"line":114,"column":null}},{"start":{},"end":{}}],"line":107},"8":{"loc":{"start":{"line":108,"column":8},"end":{"line":109,"column":null}},"type":"if","locations":[{"start":{"line":108,"column":8},"end":{"line":109,"column":null}},{"start":{},"end":{}}],"line":108},"9":{"loc":{"start":{"line":110,"column":8},"end":{"line":112,"column":null}},"type":"if","locations":[{"start":{"line":110,"column":8},"end":{"line":112,"column":null}},{"start":{},"end":{}}],"line":110},"10":{"loc":{"start":{"line":131,"column":4},"end":{"line":138,"column":null}},"type":"if","locations":[{"start":{"line":131,"column":4},"end":{"line":138,"column":null}},{"start":{},"end":{}}],"line":131},"11":{"loc":{"start":{"line":132,"column":8},"end":{"line":137,"column":null}},"type":"if","locations":[{"start":{"line":132,"column":8},"end":{"line":137,"column":null}},{"start":{},"end":{}}],"line":132},"12":{"loc":{"start":{"line":133,"column":12},"end":{"line":135,"column":null}},"type":"if","locations":[{"start":{"line":133,"column":12},"end":{"line":135,"column":null}},{"start":{},"end":{}}],"line":133},"13":{"loc":{"start":{"line":146,"column":4},"end":{"line":153,"column":null}},"type":"if","locations":[{"start":{"line":146,"column":4},"end":{"line":153,"column":null}},{"start":{},"end":{}}],"line":146},"14":{"loc":{"start":{"line":147,"column":8},"end":{"line":152,"column":null}},"type":"if","locations":[{"start":{"line":147,"column":8},"end":{"line":152,"column":null}},{"start":{},"end":{}}],"line":147},"15":{"loc":{"start":{"line":148,"column":12},"end":{"line":150,"column":null}},"type":"if","locations":[{"start":{"line":148,"column":12},"end":{"line":150,"column":null}},{"start":{},"end":{}}],"line":148}},"s":{"0":1,"1":1,"2":1,"3":1,"4":1,"5":1,"6":1,"7":0,"8":0,"9":0,"10":0,"11":1,"12":1,"13":0,"14":1,"15":1,"16":1,"17":1,"18":0,"19":1,"20":1,"21":1,"22":0,"23":0,"24":1,"25":0,"26":1,"27":1,"28":0,"29":1,"30":1,"31":1,"32":1,"33":1,"34":1,"35":1,"36":1,"37":1,"38":0,"39":1,"40":1,"41":1,"42":3,"43":1,"44":1,"45":1,"46":1,"47":1,"48":1,"49":1,"50":1,"51":1,"52":1},"f":{"0":1,"1":0,"2":1,"3":1,"4":1,"5":0,"6":0,"7":1,"8":0,"9":1,"10":1,"11":1,"12":3,"13":1,"14":1},"b":{"0":[0],"1":[0,0],"2":[1],"3":[0,1],"4":[0,1],"5":[0,0],"6":[1,0],"7":[1,0],"8":[0,1],"9":[1,0],"10":[1,0],"11":[1,0],"12":[1,0],"13":[1,0],"14":[1,0],"15":[1,0]},"meta":{"lastBranch":16,"lastFunction":15,"lastStatement":53,"seen":{"s:4:28:4:30":0,"s:10:11:10:13":1,"s:11:18:11:20":2,"s:12:15:12:17":3,"s:13:18:13:20":4,"s:14:17:14:22":5,"f:16:4:16:15":0,"s:17:8:17:Infinity":6,"f:31:4:31:16":1,"b:31:39:31:48":0,"s:32:8:32:Infinity":7,"b:33:8:35:Infinity:undefined:undefined:undefined:undefined":1,"s:33:8:35:Infinity":8,"s:34:12:34:Infinity":9,"s:36:8:36:Infinity":10,"f:50:4:50:14":2,"b:50:37:50:46":2,"s:51:8:51:Infinity":11,"b:52:8:54:Infinity:undefined:undefined:undefined:undefined":3,"s:52:8:54:Infinity":12,"s:53:12:53:Infinity":13,"s:55:8:55:Infinity":14,"f:58:4:58:13":3,"s:59:8:59:Infinity":15,"s:60:8:66:Infinity":16,"f:60:46:60:47":4,"b:61:12:63:Infinity:undefined:undefined:undefined:undefined":4,"s:61:12:63:Infinity":17,"s:62:16:62:Infinity":18,"s:64:12:64:Infinity":19,"s:65:12:65:Infinity":20,"s:67:8:71:Infinity":21,"f:67:33:67:34":5,"b:68:12:70:Infinity:undefined:undefined:undefined:undefined":5,"s:68:12:70:Infinity":22,"s:69:16:69:Infinity":23,"s:72:8:74:Infinity":24,"f:72:49:72:50":6,"s:73:12:73:Infinity":25,"f:77:4:77:13":7,"s:78:8:78:Infinity":26,"s:79:8:81:Infinity":27,"f:79:49:79:50":8,"s:80:12:80:Infinity":28,"s:82:8:85:Infinity":29,"f:82:46:82:47":9,"s:83:12:83:Infinity":30,"s:84:12:84:Infinity":31,"f:94:16:94:30":10,"b:95:4:97:Infinity:undefined:undefined:undefined:undefined":6,"s:95:4:97:Infinity":32,"s:96:8:96:Infinity":33,"s:98:4:98:Infinity":34,"s:99:4:99:Infinity":35,"f:106:16:106:32":11,"b:107:4:114:Infinity:undefined:undefined:undefined:undefined":7,"s:107:4:114:Infinity":36,"b:108:8:109:Infinity:undefined:undefined:undefined:undefined":8,"s:108:8:109:Infinity":37,"s:109:12:109:Infinity":38,"b:110:8:112:Infinity:undefined:undefined:undefined:undefined":9,"s:110:8:112:Infinity":39,"s:111:12:111:Infinity":40,"s:113:8:113:Infinity":41,"f:122:16:122:34":12,"s:123:4:123:Infinity":42,"f:130:16:130:29":13,"b:131:4:138:Infinity:undefined:undefined:undefined:undefined":10,"s:131:4:138:Infinity":43,"b:132:8:137:Infinity:undefined:undefined:undefined:undefined":11,"s:132:8:137:Infinity":44,"b:133:12:135:Infinity:undefined:undefined:undefined:undefined":12,"s:133:12:135:Infinity":45,"s:134:16:134:Infinity":46,"s:136:12:136:Infinity":47,"f:145:16:145:29":14,"b:146:4:153:Infinity:undefined:undefined:undefined:undefined":13,"s:146:4:153:Infinity":48,"b:147:8:152:Infinity:undefined:undefined:undefined:undefined":14,"s:147:8:152:Infinity":49,"b:148:12:150:Infinity:undefined:undefined:undefined:undefined":15,"s:148:12:150:Infinity":50,"s:149:16:149:Infinity":51,"s:151:12:151:Infinity":52}}}
,"/home/ms/work/hawk/rjson-parser/src/js/main/other/RichJsonClassMapping.js": {"path":"/home/ms/work/hawk/rjson-parser/src/js/main/other/RichJsonClassMapping.js","statementMap":{"0":{"start":{"line":1,"column":41},"end":{"line":1,"column":null}},"1":{"start":{"line":8,"column":4},"end":{"line":8,"column":null}},"2":{"start":{"line":9,"column":16},"end":{"line":9,"column":42}},"3":{"start":{"line":10,"column":15},"end":{"line":10,"column":24}},"4":{"start":{"line":11,"column":4},"end":{"line":14,"column":null}},"5":{"start":{"line":11,"column":17},"end":{"line":11,"column":18}},"6":{"start":{"line":12,"column":8},"end":{"line":12,"column":null}},"7":{"start":{"line":13,"column":8},"end":{"line":13,"column":null}},"8":{"start":{"line":23,"column":4},"end":{"line":25,"column":null}},"9":{"start":{"line":24,"column":8},"end":{"line":24,"column":null}},"10":{"start":{"line":26,"column":4},"end":{"line":26,"column":null}},"11":{"start":{"line":30,"column":4},"end":{"line":32,"column":null}},"12":{"start":{"line":31,"column":8},"end":{"line":31,"column":null}},"13":{"start":{"line":33,"column":4},"end":{"line":33,"column":null}}},"fnMap":{"0":{"name":"addClassMappings","decl":{"start":{"line":7,"column":16},"end":{"line":7,"column":32}},"loc":{"start":{"line":7,"column":48},"end":{"line":15,"column":null}},"line":7},"1":{"name":"addClassMapping","decl":{"start":{"line":22,"column":16},"end":{"line":22,"column":31}},"loc":{"start":{"line":22,"column":49},"end":{"line":27,"column":null}},"line":22},"2":{"name":"__mapClassByName","decl":{"start":{"line":29,"column":16},"end":{"line":29,"column":32}},"loc":{"start":{"line":29,"column":39},"end":{"line":34,"column":null}},"line":29}},"branchMap":{"0":{"loc":{"start":{"line":23,"column":4},"end":{"line":25,"column":null}},"type":"if","locations":[{"start":{"line":23,"column":4},"end":{"line":25,"column":null}},{"start":{},"end":{}}],"line":23},"1":{"loc":{"start":{"line":30,"column":4},"end":{"line":32,"column":null}},"type":"if","locations":[{"start":{"line":30,"column":4},"end":{"line":32,"column":null}},{"start":{},"end":{}}],"line":30}},"s":{"0":2,"1":0,"2":0,"3":0,"4":0,"5":0,"6":0,"7":0,"8":1,"9":0,"10":1,"11":2,"12":0,"13":2},"f":{"0":0,"1":1,"2":2},"b":{"0":[0,1],"1":[0,2]},"meta":{"lastBranch":2,"lastFunction":3,"lastStatement":14,"seen":{"s:1:41:1:Infinity":0,"f:7:16:7:32":0,"s:8:4:8:Infinity":1,"s:9:16:9:42":2,"s:10:15:10:24":3,"s:11:4:14:Infinity":4,"s:11:17:11:18":5,"s:12:8:12:Infinity":6,"s:13:8:13:Infinity":7,"f:22:16:22:31":1,"b:23:4:25:Infinity:undefined:undefined:undefined:undefined":0,"s:23:4:25:Infinity":8,"s:24:8:24:Infinity":9,"s:26:4:26:Infinity":10,"f:29:16:29:32":2,"b:30:4:32:Infinity:undefined:undefined:undefined:undefined":1,"s:30:4:32:Infinity":11,"s:31:8:31:Infinity":12,"s:33:4:33:Infinity":13}}}
,"/home/ms/work/hawk/rjson-parser/src/js/main/other/RichJsonConfiguration.js": {"path":"/home/ms/work/hawk/rjson-parser/src/js/main/other/RichJsonConfiguration.js","statementMap":{"0":{"start":{"line":3,"column":32},"end":{"line":10,"column":null}},"1":{"start":{"line":28,"column":4},"end":{"line":30,"column":null}},"2":{"start":{"line":29,"column":8},"end":{"line":29,"column":null}},"3":{"start":{"line":32,"column":4},"end":{"line":39,"column":null}}},"fnMap":{"0":{"name":"updateConfiguration","decl":{"start":{"line":27,"column":16},"end":{"line":27,"column":35}},"loc":{"start":{"line":27,"column":44},"end":{"line":40,"column":null}},"line":27}},"branchMap":{"0":{"loc":{"start":{"line":28,"column":4},"end":{"line":30,"column":null}},"type":"if","locations":[{"start":{"line":28,"column":4},"end":{"line":30,"column":null}},{"start":{},"end":{}}],"line":28},"1":{"loc":{"start":{"line":28,"column":8},"end":{"line":28,"column":45}},"type":"binary-expr","locations":[{"start":{"line":28,"column":8},"end":{"line":28,"column":15}},{"start":{"line":28,"column":19},"end":{"line":28,"column":45}}],"line":28}},"s":{"0":1,"1":0,"2":0,"3":0},"f":{"0":0},"b":{"0":[0,0],"1":[0,0]},"meta":{"lastBranch":2,"lastFunction":1,"lastStatement":4,"seen":{"s:3:32:10:Infinity":0,"f:27:16:27:35":0,"b:28:4:30:Infinity:undefined:undefined:undefined:undefined":0,"s:28:4:30:Infinity":1,"b:28:8:28:15:28:19:28:45":1,"s:29:8:29:Infinity":2,"s:32:4:39:Infinity":3}}}
,"/home/ms/work/hawk/rjson-parser/src/js/main/other/RichJsonEnvironment.js": {"path":"/home/ms/work/hawk/rjson-parser/src/js/main/other/RichJsonEnvironment.js","statementMap":{"0":{"start":{"line":3,"column":39},"end":{"line":3,"column":null}},"1":{"start":{"line":10,"column":16},"end":{"line":10,"column":33}},"2":{"start":{"line":11,"column":15},"end":{"line":11,"column":24}},"3":{"start":{"line":13,"column":4},"end":{"line":16,"column":null}},"4":{"start":{"line":13,"column":17},"end":{"line":13,"column":18}},"5":{"start":{"line":14,"column":8},"end":{"line":14,"column":null}},"6":{"start":{"line":15,"column":8},"end":{"line":15,"column":null}},"7":{"start":{"line":25,"column":4},"end":{"line":27,"column":null}},"8":{"start":{"line":26,"column":8},"end":{"line":26,"column":null}},"9":{"start":{"line":28,"column":4},"end":{"line":30,"column":null}},"10":{"start":{"line":29,"column":8},"end":{"line":29,"column":null}},"11":{"start":{"line":32,"column":4},"end":{"line":32,"column":null}}},"fnMap":{"0":{"name":"addEnvironmentVariables","decl":{"start":{"line":9,"column":16},"end":{"line":9,"column":39}},"loc":{"start":{"line":9,"column":46},"end":{"line":17,"column":null}},"line":9},"1":{"name":"addEnvironmentVariable","decl":{"start":{"line":24,"column":16},"end":{"line":24,"column":38}},"loc":{"start":{"line":24,"column":52},"end":{"line":33,"column":null}},"line":24}},"branchMap":{"0":{"loc":{"start":{"line":25,"column":4},"end":{"line":27,"column":null}},"type":"if","locations":[{"start":{"line":25,"column":4},"end":{"line":27,"column":null}},{"start":{},"end":{}}],"line":25},"1":{"loc":{"start":{"line":28,"column":4},"end":{"line":30,"column":null}},"type":"if","locations":[{"start":{"line":28,"column":4},"end":{"line":30,"column":null}},{"start":{},"end":{}}],"line":28}},"s":{"0":1,"1":0,"2":0,"3":0,"4":0,"5":0,"6":0,"7":1,"8":0,"9":1,"10":0,"11":1},"f":{"0":0,"1":1},"b":{"0":[0,1],"1":[0,1]},"meta":{"lastBranch":2,"lastFunction":2,"lastStatement":12,"seen":{"s:3:39:3:Infinity":0,"f:9:16:9:39":0,"s:10:16:10:33":1,"s:11:15:11:24":2,"s:13:4:16:Infinity":3,"s:13:17:13:18":4,"s:14:8:14:Infinity":5,"s:15:8:15:Infinity":6,"f:24:16:24:38":1,"b:25:4:27:Infinity:undefined:undefined:undefined:undefined":0,"s:25:4:27:Infinity":7,"s:26:8:26:Infinity":8,"b:28:4:30:Infinity:undefined:undefined:undefined:undefined":1,"s:28:4:30:Infinity":9,"s:29:8:29:Infinity":10,"s:32:4:32:Infinity":11}}}
,"/home/ms/work/hawk/rjson-parser/src/js/test/RichJsonTestClass.js": {"path":"/home/ms/work/hawk/rjson-parser/src/js/test/RichJsonTestClass.js","statementMap":{"0":{"start":{"line":2,"column":12},"end":{"line":2,"column":13}}},"fnMap":{},"branchMap":{},"s":{"0":2},"f":{},"b":{},"meta":{"lastBranch":0,"lastFunction":0,"lastStatement":1,"seen":{"s:2:12:2:13":0}}}
}
